This is pdfTeX, Version 3.141592653-2.6-1.40.22 (TeX Live 2022/dev/Debian) (preloaded format=pdflatex 2023.2.27)  1 MAY 2023 21:20
entering extended mode
 restricted \write18 enabled.
 %&-line parsing enabled.
**domain.tex
(./domain.tex
LaTeX2e <2021-11-15> patch level 1
L3 programming layer <2022-01-21>
! Undefined control sequence.
l.1 \section
            {–ê–ù–ê–õ–ò–ó –ü–û–î–•–û–î–û–í –ö –†–ï–®–ï–ù–ò–Æ –ü–û–°–¢–ê–í–õ–...
The control sequence at the end of the top line
of your error message was never \def'ed. If you have
misspelled it (e.g., `\hobx'), type `I' and the correct
spelling (e.g., `I\hbox'). Otherwise just continue,
and I'll forget about whatever was undefined.


! LaTeX Error: Unicode character –ê (U+0410)
               not set up for use with LaTeX.

See the LaTeX manual or LaTeX Companion for explanation.
Type  H <return>  for immediate help.
 ...                                              
                                                  
l.1 \section{–ê
               –ù–ê–õ–ò–ó –ü–û–î–•–û–î–û–í –ö –†–ï–®–ï–ù–ò–Æ –ü–û–°–¢–ê–í–õ–...

You may provide a definition with
\DeclareUnicodeCharacter 


! LaTeX Error: Unicode character –ù (U+041D)
               not set up for use with LaTeX.

See the LaTeX manual or LaTeX Companion for explanation.
Type  H <return>  for immediate help.
 ...                                              
                                                  
l.1 \section{–ê–ù
                 –ê–õ–ò–ó –ü–û–î–•–û–î–û–í –ö –†–ï–®–ï–ù–ò–Æ –ü–û–°–¢–ê–í–õ–...

You may provide a definition with
\DeclareUnicodeCharacter 


! LaTeX Error: Unicode character –ê (U+0410)
               not set up for use with LaTeX.

See the LaTeX manual or LaTeX Companion for explanation.
Type  H <return>  for immediate help.
 ...                                              
                                                  
l.1 \section{–ê–ù–ê
                   –õ–ò–ó –ü–û–î–•–û–î–û–í –ö –†–ï–®–ï–ù–ò–Æ –ü–û–°–¢–ê–í–õ–...

You may provide a definition with
\DeclareUnicodeCharacter 


! LaTeX Error: Unicode character –õ (U+041B)
               not set up for use with LaTeX.

See the LaTeX manual or LaTeX Companion for explanation.
Type  H <return>  for immediate help.
 ...                                              
                                                  
l.1 \section{–ê–ù–ê–õ
                     –ò–ó –ü–û–î–•–û–î–û–í –ö –†–ï–®–ï–ù–ò–Æ –ü–û–°–¢–ê–í–õ–...

You may provide a definition with
\DeclareUnicodeCharacter 


! LaTeX Error: Unicode character –ò (U+0418)
               not set up for use with LaTeX.

See the LaTeX manual or LaTeX Companion for explanation.
Type  H <return>  for immediate help.
 ...                                              
                                                  
l.1 \section{–ê–ù–ê–õ–ò
                       –ó –ü–û–î–•–û–î–û–í –ö –†–ï–®–ï–ù–ò–Æ –ü–û–°–¢–ê–í–õ–...

You may provide a definition with
\DeclareUnicodeCharacter 


! LaTeX Error: Unicode character –ó (U+0417)
               not set up for use with LaTeX.

See the LaTeX manual or LaTeX Companion for explanation.
Type  H <return>  for immediate help.
 ...                                              
                                                  
l.1 \section{–ê–ù–ê–õ–ò–ó
                          –ü–û–î–•–û–î–û–í –ö –†–ï–®–ï–ù–ò–Æ –ü–û–°–¢–ê–í–õ–...

You may provide a definition with
\DeclareUnicodeCharacter 


! LaTeX Error: Unicode character –ü (U+041F)
               not set up for use with LaTeX.

See the LaTeX manual or LaTeX Companion for explanation.
Type  H <return>  for immediate help.
 ...                                              
                                                  
l.1 \section{–ê–ù–ê–õ–ò–ó –ü
                            –û–î–•–û–î–û–í –ö –†–ï–®–ï–ù–ò–Æ –ü–û–°–¢–ê–í–õ–...

You may provide a definition with
\DeclareUnicodeCharacter 


! LaTeX Error: Unicode character –û (U+041E)
               not set up for use with LaTeX.

See the LaTeX manual or LaTeX Companion for explanation.
Type  H <return>  for immediate help.
 ...                                              
                                                  
l.1 \section{–ê–ù–ê–õ–ò–ó –ü–û
                              –î–•–û–î–û–í –ö –†–ï–®–ï–ù–ò–Æ –ü–û–°–¢–ê–í–õ–...

You may provide a definition with
\DeclareUnicodeCharacter 


! LaTeX Error: Unicode character –î (U+0414)
               not set up for use with LaTeX.

See the LaTeX manual or LaTeX Companion for explanation.
Type  H <return>  for immediate help.
 ...                                              
                                                  
l.1 \section{–ê–ù–ê–õ–ò–ó –ü–û–î
                                –•–û–î–û–í –ö –†–ï–®–ï–ù–ò–Æ –ü–û–°–¢–ê–í–õ–...

You may provide a definition with
\DeclareUnicodeCharacter 


! LaTeX Error: Unicode character –• (U+0425)
               not set up for use with LaTeX.

See the LaTeX manual or LaTeX Companion for explanation.
Type  H <return>  for immediate help.
 ...                                              
                                                  
l.1 \section{–ê–ù–ê–õ–ò–ó –ü–û–î–•
                                  –û–î–û–í –ö –†–ï–®–ï–ù–ò–Æ –ü–û–°–¢–ê–í–õ–...

You may provide a definition with
\DeclareUnicodeCharacter 


! LaTeX Error: Unicode character –û (U+041E)
               not set up for use with LaTeX.

See the LaTeX manual or LaTeX Companion for explanation.
Type  H <return>  for immediate help.
 ...                                              
                                                  
l.1 \section{–ê–ù–ê–õ–ò–ó –ü–û–î–•–û
                                    –î–û–í –ö –†–ï–®–ï–ù–ò–Æ –ü–û–°–¢–ê–í–õ–...

You may provide a definition with
\DeclareUnicodeCharacter 


! LaTeX Error: Unicode character –î (U+0414)
               not set up for use with LaTeX.

See the LaTeX manual or LaTeX Companion for explanation.
Type  H <return>  for immediate help.
 ...                                              
                                                  
l.1 \section{–ê–ù–ê–õ–ò–ó –ü–û–î–•–û–î
                                      –û–í –ö –†–ï–®–ï–ù–ò–Æ –ü–û–°–¢–ê–í–õ–...

You may provide a definition with
\DeclareUnicodeCharacter 


! LaTeX Error: Unicode character –û (U+041E)
               not set up for use with LaTeX.

See the LaTeX manual or LaTeX Companion for explanation.
Type  H <return>  for immediate help.
 ...                                              
                                                  
l.1 \section{–ê–ù–ê–õ–ò–ó –ü–û–î–•–û–î–û
                                        –í –ö –†–ï–®–ï–ù–ò–Æ –ü–û–°–¢–ê–í–õ–...

You may provide a definition with
\DeclareUnicodeCharacter 


! LaTeX Error: Unicode character –í (U+0412)
               not set up for use with LaTeX.

See the LaTeX manual or LaTeX Companion for explanation.
Type  H <return>  for immediate help.
 ...                                              
                                                  
l.1 \section{–ê–ù–ê–õ–ò–ó –ü–û–î–•–û–î–û–í
                                           –ö –†–ï–®–ï–ù–ò–Æ –ü–û–°–¢–ê–í–õ–...

You may provide a definition with
\DeclareUnicodeCharacter 


! LaTeX Error: Unicode character –ö (U+041A)
               not set up for use with LaTeX.

See the LaTeX manual or LaTeX Companion for explanation.
Type  H <return>  for immediate help.
 ...                                              
                                                  
l.1 \section{–ê–ù–ê–õ–ò–ó –ü–û–î–•–û–î–û–í –ö
                                              –†–ï–®–ï–ù–ò–Æ –ü–û–°–¢–ê–í–õ–...

You may provide a definition with
\DeclareUnicodeCharacter 


! LaTeX Error: Unicode character –† (U+0420)
               not set up for use with LaTeX.

See the LaTeX manual or LaTeX Companion for explanation.
Type  H <return>  for immediate help.
 ...                                              
                                                  
l.1 \section{–ê–ù–ê–õ–ò–ó –ü–û–î–•–û–î–û–í –ö –†
                                                –ï–®–ï–ù–ò–Æ –ü–û–°–¢–ê–í–õ–...

You may provide a definition with
\DeclareUnicodeCharacter 


! LaTeX Error: Unicode character –ï (U+0415)
               not set up for use with LaTeX.

See the LaTeX manual or LaTeX Companion for explanation.
Type  H <return>  for immediate help.
 ...                                              
                                                  
l.1 \section{–ê–ù–ê–õ–ò–ó –ü–û–î–•–û–î–û–í –ö –†–ï
                                                  –®–ï–ù–ò–Æ –ü–û–°–¢–ê–í–õ–...

You may provide a definition with
\DeclareUnicodeCharacter 


! LaTeX Error: Unicode character –® (U+0428)
               not set up for use with LaTeX.

See the LaTeX manual or LaTeX Companion for explanation.
Type  H <return>  for immediate help.
 ...                                              
                                                  
l.1 ...ion{–ê–ù–ê–õ–ò–ó –ü–û–î–•–û–î–û–í –ö –†–ï–®
                                                  –ï–ù–ò–Æ –ü–û–°–¢–ê–í–õ–ï–...

You may provide a definition with
\DeclareUnicodeCharacter 


! LaTeX Error: Unicode character –ï (U+0415)
               not set up for use with LaTeX.

See the LaTeX manual or LaTeX Companion for explanation.
Type  H <return>  for immediate help.
 ...                                              
                                                  
l.1 ...n{–ê–ù–ê–õ–ò–ó –ü–û–î–•–û–î–û–í –ö –†–ï–®–ï
                                                  –ù–ò–Æ –ü–û–°–¢–ê–í–õ–ï–ù–...

You may provide a definition with
\DeclareUnicodeCharacter 


! LaTeX Error: Unicode character –ù (U+041D)
               not set up for use with LaTeX.

See the LaTeX manual or LaTeX Companion for explanation.
Type  H <return>  for immediate help.
 ...                                              
                                                  
l.1 ...–ê–ù–ê–õ–ò–ó –ü–û–î–•–û–î–û–í –ö –†–ï–®–ï–ù
                                                  –ò–Æ –ü–û–°–¢–ê–í–õ–ï–ù–ù–...

You may provide a definition with
\DeclareUnicodeCharacter 


! LaTeX Error: Unicode character –ò (U+0418)
               not set up for use with LaTeX.

See the LaTeX manual or LaTeX Companion for explanation.
Type  H <return>  for immediate help.
 ...                                              
                                                  
l.1 ...–ù–ê–õ–ò–ó –ü–û–î–•–û–î–û–í –ö –†–ï–®–ï–ù–ò
                                                  –Æ –ü–û–°–¢–ê–í–õ–ï–ù–ù–û–...

You may provide a definition with
\DeclareUnicodeCharacter 


! LaTeX Error: Unicode character –Æ (U+042E)
               not set up for use with LaTeX.

See the LaTeX manual or LaTeX Companion for explanation.
Type  H <return>  for immediate help.
 ...                                              
                                                  
l.1 ...–ê–õ–ò–ó –ü–û–î–•–û–î–û–í –ö –†–ï–®–ï–ù–ò–Æ
                                                   –ü–û–°–¢–ê–í–õ–ï–ù–ù–û–ô ...

You may provide a definition with
\DeclareUnicodeCharacter 


! LaTeX Error: Unicode character –ü (U+041F)
               not set up for use with LaTeX.

See the LaTeX manual or LaTeX Companion for explanation.
Type  H <return>  for immediate help.
 ...                                              
                                                  
l.1 ...õ–ò–ó –ü–û–î–•–û–î–û–í –ö –†–ï–®–ï–ù–ò–Æ –ü
                                                  –û–°–¢–ê–í–õ–ï–ù–ù–û–ô –ó–...

You may provide a definition with
\DeclareUnicodeCharacter 


! LaTeX Error: Unicode character –û (U+041E)
               not set up for use with LaTeX.

See the LaTeX manual or LaTeX Companion for explanation.
Type  H <return>  for immediate help.
 ...                                              
                                                  
l.1 ...ò–ó –ü–û–î–•–û–î–û–í –ö –†–ï–®–ï–ù–ò–Æ –ü–û
                                                  –°–¢–ê–í–õ–ï–ù–ù–û–ô –ó–ê–...

You may provide a definition with
\DeclareUnicodeCharacter 


! LaTeX Error: Unicode character –° (U+0421)
               not set up for use with LaTeX.

See the LaTeX manual or LaTeX Companion for explanation.
Type  H <return>  for immediate help.
 ...                                              
                                                  
l.1 ...ó –ü–û–î–•–û–î–û–í –ö –†–ï–®–ï–ù–ò–Æ –ü–û–°
                                                  –¢–ê–í–õ–ï–ù–ù–û–ô –ó–ê–î–...

You may provide a definition with
\DeclareUnicodeCharacter 


! LaTeX Error: Unicode character –¢ (U+0422)
               not set up for use with LaTeX.

See the LaTeX manual or LaTeX Companion for explanation.
Type  H <return>  for immediate help.
 ...                                              
                                                  
l.1 ...–ü–û–î–•–û–î–û–í –ö –†–ï–®–ï–ù–ò–Æ –ü–û–°–¢
                                                  –ê–í–õ–ï–ù–ù–û–ô –ó–ê–î–ê–...

You may provide a definition with
\DeclareUnicodeCharacter 


! LaTeX Error: Unicode character –ê (U+0410)
               not set up for use with LaTeX.

See the LaTeX manual or LaTeX Companion for explanation.
Type  H <return>  for immediate help.
 ...                                              
                                                  
l.1 ...–û–î–•–û–î–û–í –ö –†–ï–®–ï–ù–ò–Æ –ü–û–°–¢–ê
                                                  –í–õ–ï–ù–ù–û–ô –ó–ê–î–ê–ß–ò}
You may provide a definition with
\DeclareUnicodeCharacter 


! LaTeX Error: Unicode character –í (U+0412)
               not set up for use with LaTeX.

See the LaTeX manual or LaTeX Companion for explanation.
Type  H <return>  for immediate help.
 ...                                              
                                                  
l.1 ...–î–•–û–î–û–í –ö –†–ï–®–ï–ù–ò–Æ –ü–û–°–¢–ê–í
                                                  –õ–ï–ù–ù–û–ô –ó–ê–î–ê–ß–ò}
You may provide a definition with
\DeclareUnicodeCharacter 


! LaTeX Error: Unicode character –õ (U+041B)
               not set up for use with LaTeX.

See the LaTeX manual or LaTeX Companion for explanation.
Type  H <return>  for immediate help.
 ...                                              
                                                  
l.1 ...–•–û–î–û–í –ö –†–ï–®–ï–ù–ò–Æ –ü–û–°–¢–ê–í–õ
                                                  –ï–ù–ù–û–ô –ó–ê–î–ê–ß–ò}
You may provide a definition with
\DeclareUnicodeCharacter 


! LaTeX Error: Unicode character –ï (U+0415)
               not set up for use with LaTeX.

See the LaTeX manual or LaTeX Companion for explanation.
Type  H <return>  for immediate help.
 ...                                              
                                                  
l.1 ...–û–î–û–í –ö –†–ï–®–ï–ù–ò–Æ –ü–û–°–¢–ê–í–õ–ï
                                                  –ù–ù–û–ô –ó–ê–î–ê–ß–ò}
You may provide a definition with
\DeclareUnicodeCharacter 


! LaTeX Error: Unicode character –ù (U+041D)
               not set up for use with LaTeX.

See the LaTeX manual or LaTeX Companion for explanation.
Type  H <return>  for immediate help.
 ...                                              
                                                  
l.1 ...–î–û–í –ö –†–ï–®–ï–ù–ò–Æ –ü–û–°–¢–ê–í–õ–ï–ù
                                                  –ù–û–ô –ó–ê–î–ê–ß–ò}
You may provide a definition with
\DeclareUnicodeCharacter 


! LaTeX Error: Unicode character –ù (U+041D)
               not set up for use with LaTeX.

See the LaTeX manual or LaTeX Companion for explanation.
Type  H <return>  for immediate help.
 ...                                              
                                                  
l.1 ...–û–í –ö –†–ï–®–ï–ù–ò–Æ –ü–û–°–¢–ê–í–õ–ï–ù–ù
                                                  –û–ô –ó–ê–î–ê–ß–ò}
You may provide a definition with
\DeclareUnicodeCharacter 


! LaTeX Error: Unicode character –û (U+041E)
               not set up for use with LaTeX.

See the LaTeX manual or LaTeX Companion for explanation.
Type  H <return>  for immediate help.
 ...                                              
                                                  
l.1 ...–í –ö –†–ï–®–ï–ù–ò–Æ –ü–û–°–¢–ê–í–õ–ï–ù–ù–û
                                                  –ô –ó–ê–î–ê–ß–ò}
You may provide a definition with
\DeclareUnicodeCharacter 


! LaTeX Error: Unicode character –ô (U+0419)
               not set up for use with LaTeX.

See the LaTeX manual or LaTeX Companion for explanation.
Type  H <return>  for immediate help.
 ...                                              
                                                  
l.1 ... –ö –†–ï–®–ï–ù–ò–Æ –ü–û–°–¢–ê–í–õ–ï–ù–ù–û–ô
                                                   –ó–ê–î–ê–ß–ò}
You may provide a definition with
\DeclareUnicodeCharacter 


! LaTeX Error: Unicode character –ó (U+0417)
               not set up for use with LaTeX.

See the LaTeX manual or LaTeX Companion for explanation.
Type  H <return>  for immediate help.
 ...                                              
                                                  
l.1 ... –†–ï–®–ï–ù–ò–Æ –ü–û–°–¢–ê–í–õ–ï–ù–ù–û–ô –ó
                                                  –ê–î–ê–ß–ò}
You may provide a definition with
\DeclareUnicodeCharacter 


! LaTeX Error: Unicode character –ê (U+0410)
               not set up for use with LaTeX.

See the LaTeX manual or LaTeX Companion for explanation.
Type  H <return>  for immediate help.
 ...                                              
                                                  
l.1 ...†–ï–®–ï–ù–ò–Æ –ü–û–°–¢–ê–í–õ–ï–ù–ù–û–ô –ó–ê
                                                  –î–ê–ß–ò}
You may provide a definition with
\DeclareUnicodeCharacter 


! LaTeX Error: Unicode character –î (U+0414)
               not set up for use with LaTeX.

See the LaTeX manual or LaTeX Companion for explanation.
Type  H <return>  for immediate help.
 ...                                              
                                                  
l.1 ...ï–®–ï–ù–ò–Æ –ü–û–°–¢–ê–í–õ–ï–ù–ù–û–ô –ó–ê–î
                                                  –ê–ß–ò}
You may provide a definition with
\DeclareUnicodeCharacter 


! LaTeX Error: Unicode character –ê (U+0410)
               not set up for use with LaTeX.

See the LaTeX manual or LaTeX Companion for explanation.
Type  H <return>  for immediate help.
 ...                                              
                                                  
l.1 ...®–ï–ù–ò–Æ –ü–û–°–¢–ê–í–õ–ï–ù–ù–û–ô –ó–ê–î–ê
                                                  –ß–ò}
You may provide a definition with
\DeclareUnicodeCharacter 


! LaTeX Error: Unicode character –ß (U+0427)
               not set up for use with LaTeX.

See the LaTeX manual or LaTeX Companion for explanation.
Type  H <return>  for immediate help.
 ...                                              
                                                  
l.1 ...ï–ù–ò–Æ –ü–û–°–¢–ê–í–õ–ï–ù–ù–û–ô –ó–ê–î–ê–ß
                                                  –ò}
You may provide a definition with
\DeclareUnicodeCharacter 


! LaTeX Error: Unicode character –ò (U+0418)
               not set up for use with LaTeX.

See the LaTeX manual or LaTeX Companion for explanation.
Type  H <return>  for immediate help.
 ...                                              
                                                  
l.1 ...ù–ò–Æ –ü–û–°–¢–ê–í–õ–ï–ù–ù–û–ô –ó–ê–î–ê–ß–ò
                                                  }
You may provide a definition with
\DeclareUnicodeCharacter 

! Undefined control sequence.
l.3 \subsection
               {–ê–Ω–∞–ª–∏–∑ –ø—Ä–µ–¥–º–µ—Ç–Ω–æ–π –æ–±–ª–∞—Å—Ç–∏}
The control sequence at the end of the top line
of your error message was never \def'ed. If you have
misspelled it (e.g., `\hobx'), type `I' and the correct
spelling (e.g., `I\hbox'). Otherwise just continue,
and I'll forget about whatever was undefined.


! LaTeX Error: Unicode character –ê (U+0410)
               not set up for use with LaTeX.

See the LaTeX manual or LaTeX Companion for explanation.
Type  H <return>  for immediate help.
 ...                                              
                                                  
l.3 \subsection{–ê
                  –Ω–∞–ª–∏–∑ –ø—Ä–µ–¥–º–µ—Ç–Ω–æ–π –æ–±–ª–∞—Å—Ç–∏}
You may provide a definition with
\DeclareUnicodeCharacter 


! LaTeX Error: Unicode character –Ω (U+043D)
               not set up for use with LaTeX.

See the LaTeX manual or LaTeX Companion for explanation.
Type  H <return>  for immediate help.
 ...                                              
                                                  
l.3 \subsection{–ê–Ω
                    –∞–ª–∏–∑ –ø—Ä–µ–¥–º–µ—Ç–Ω–æ–π –æ–±–ª–∞—Å—Ç–∏}
You may provide a definition with
\DeclareUnicodeCharacter 


! LaTeX Error: Unicode character –∞ (U+0430)
               not set up for use with LaTeX.

See the LaTeX manual or LaTeX Companion for explanation.
Type  H <return>  for immediate help.
 ...                                              
                                                  
l.3 \subsection{–ê–Ω–∞
                      –ª–∏–∑ –ø—Ä–µ–¥–º–µ—Ç–Ω–æ–π –æ–±–ª–∞—Å—Ç–∏}
You may provide a definition with
\DeclareUnicodeCharacter 


! LaTeX Error: Unicode character –ª (U+043B)
               not set up for use with LaTeX.

See the LaTeX manual or LaTeX Companion for explanation.
Type  H <return>  for immediate help.
 ...                                              
                                                  
l.3 \subsection{–ê–Ω–∞–ª
                        –∏–∑ –ø—Ä–µ–¥–º–µ—Ç–Ω–æ–π –æ–±–ª–∞—Å—Ç–∏}
You may provide a definition with
\DeclareUnicodeCharacter 


! LaTeX Error: Unicode character –∏ (U+0438)
               not set up for use with LaTeX.

See the LaTeX manual or LaTeX Companion for explanation.
Type  H <return>  for immediate help.
 ...                                              
                                                  
l.3 \subsection{–ê–Ω–∞–ª–∏
                          –∑ –ø—Ä–µ–¥–º–µ—Ç–Ω–æ–π –æ–±–ª–∞—Å—Ç–∏}
You may provide a definition with
\DeclareUnicodeCharacter 


! LaTeX Error: Unicode character –∑ (U+0437)
               not set up for use with LaTeX.

See the LaTeX manual or LaTeX Companion for explanation.
Type  H <return>  for immediate help.
 ...                                              
                                                  
l.3 \subsection{–ê–Ω–∞–ª–∏–∑
                             –ø—Ä–µ–¥–º–µ—Ç–Ω–æ–π –æ–±–ª–∞—Å—Ç–∏}
You may provide a definition with
\DeclareUnicodeCharacter 


! LaTeX Error: Unicode character –ø (U+043F)
               not set up for use with LaTeX.

See the LaTeX manual or LaTeX Companion for explanation.
Type  H <return>  for immediate help.
 ...                                              
                                                  
l.3 \subsection{–ê–Ω–∞–ª–∏–∑ –ø
                               —Ä–µ–¥–º–µ—Ç–Ω–æ–π –æ–±–ª–∞—Å—Ç–∏}
You may provide a definition with
\DeclareUnicodeCharacter 


! LaTeX Error: Unicode character —Ä (U+0440)
               not set up for use with LaTeX.

See the LaTeX manual or LaTeX Companion for explanation.
Type  H <return>  for immediate help.
 ...                                              
                                                  
l.3 \subsection{–ê–Ω–∞–ª–∏–∑ –ø—Ä
                                 –µ–¥–º–µ—Ç–Ω–æ–π –æ–±–ª–∞—Å—Ç–∏}
You may provide a definition with
\DeclareUnicodeCharacter 


! LaTeX Error: Unicode character –µ (U+0435)
               not set up for use with LaTeX.

See the LaTeX manual or LaTeX Companion for explanation.
Type  H <return>  for immediate help.
 ...                                              
                                                  
l.3 \subsection{–ê–Ω–∞–ª–∏–∑ –ø—Ä–µ
                                   –¥–º–µ—Ç–Ω–æ–π –æ–±–ª–∞—Å—Ç–∏}
You may provide a definition with
\DeclareUnicodeCharacter 


! LaTeX Error: Unicode character –¥ (U+0434)
               not set up for use with LaTeX.

See the LaTeX manual or LaTeX Companion for explanation.
Type  H <return>  for immediate help.
 ...                                              
                                                  
l.3 \subsection{–ê–Ω–∞–ª–∏–∑ –ø—Ä–µ–¥
                                     –º–µ—Ç–Ω–æ–π –æ–±–ª–∞—Å—Ç–∏}
You may provide a definition with
\DeclareUnicodeCharacter 


! LaTeX Error: Unicode character –º (U+043C)
               not set up for use with LaTeX.

See the LaTeX manual or LaTeX Companion for explanation.
Type  H <return>  for immediate help.
 ...                                              
                                                  
l.3 \subsection{–ê–Ω–∞–ª–∏–∑ –ø—Ä–µ–¥–º
                                       –µ—Ç–Ω–æ–π –æ–±–ª–∞—Å—Ç–∏}
You may provide a definition with
\DeclareUnicodeCharacter 


! LaTeX Error: Unicode character –µ (U+0435)
               not set up for use with LaTeX.

See the LaTeX manual or LaTeX Companion for explanation.
Type  H <return>  for immediate help.
 ...                                              
                                                  
l.3 \subsection{–ê–Ω–∞–ª–∏–∑ –ø—Ä–µ–¥–º–µ
                                         —Ç–Ω–æ–π –æ–±–ª–∞—Å—Ç–∏}
You may provide a definition with
\DeclareUnicodeCharacter 


! LaTeX Error: Unicode character —Ç (U+0442)
               not set up for use with LaTeX.

See the LaTeX manual or LaTeX Companion for explanation.
Type  H <return>  for immediate help.
 ...                                              
                                                  
l.3 \subsection{–ê–Ω–∞–ª–∏–∑ –ø—Ä–µ–¥–º–µ—Ç
                                           –Ω–æ–π –æ–±–ª–∞—Å—Ç–∏}
You may provide a definition with
\DeclareUnicodeCharacter 


! LaTeX Error: Unicode character –Ω (U+043D)
               not set up for use with LaTeX.

See the LaTeX manual or LaTeX Companion for explanation.
Type  H <return>  for immediate help.
 ...                                              
                                                  
l.3 \subsection{–ê–Ω–∞–ª–∏–∑ –ø—Ä–µ–¥–º–µ—Ç–Ω
                                             –æ–π –æ–±–ª–∞—Å—Ç–∏}
You may provide a definition with
\DeclareUnicodeCharacter 


! LaTeX Error: Unicode character –æ (U+043E)
               not set up for use with LaTeX.

See the LaTeX manual or LaTeX Companion for explanation.
Type  H <return>  for immediate help.
 ...                                              
                                                  
l.3 \subsection{–ê–Ω–∞–ª–∏–∑ –ø—Ä–µ–¥–º–µ—Ç–Ω–æ
                                               –π –æ–±–ª–∞—Å—Ç–∏}
You may provide a definition with
\DeclareUnicodeCharacter 


! LaTeX Error: Unicode character –π (U+0439)
               not set up for use with LaTeX.

See the LaTeX manual or LaTeX Companion for explanation.
Type  H <return>  for immediate help.
 ...                                              
                                                  
l.3 \subsection{–ê–Ω–∞–ª–∏–∑ –ø—Ä–µ–¥–º–µ—Ç–Ω–æ–π
                                                  –æ–±–ª–∞—Å—Ç–∏}
You may provide a definition with
\DeclareUnicodeCharacter 


! LaTeX Error: Unicode character –æ (U+043E)
               not set up for use with LaTeX.

See the LaTeX manual or LaTeX Companion for explanation.
Type  H <return>  for immediate help.
 ...                                              
                                                  
l.3 ...ection{–ê–Ω–∞–ª–∏–∑ –ø—Ä–µ–¥–º–µ—Ç–Ω–æ–π –æ
                                                  –±–ª–∞—Å—Ç–∏}
You may provide a definition with
\DeclareUnicodeCharacter 


! LaTeX Error: Unicode character –± (U+0431)
               not set up for use with LaTeX.

See the LaTeX manual or LaTeX Companion for explanation.
Type  H <return>  for immediate help.
 ...                                              
                                                  
l.3 ...tion{–ê–Ω–∞–ª–∏–∑ –ø—Ä–µ–¥–º–µ—Ç–Ω–æ–π –æ–±
                                                  –ª–∞—Å—Ç–∏}
You may provide a definition with
\DeclareUnicodeCharacter 


! LaTeX Error: Unicode character –ª (U+043B)
               not set up for use with LaTeX.

See the LaTeX manual or LaTeX Companion for explanation.
Type  H <return>  for immediate help.
 ...                                              
                                                  
l.3 ...on{–ê–Ω–∞–ª–∏–∑ –ø—Ä–µ–¥–º–µ—Ç–Ω–æ–π –æ–±–ª
                                                  –∞—Å—Ç–∏}
You may provide a definition with
\DeclareUnicodeCharacter 


! LaTeX Error: Unicode character –∞ (U+0430)
               not set up for use with LaTeX.

See the LaTeX manual or LaTeX Companion for explanation.
Type  H <return>  for immediate help.
 ...                                              
                                                  
l.3 ...{–ê–Ω–∞–ª–∏–∑ –ø—Ä–µ–¥–º–µ—Ç–Ω–æ–π –æ–±–ª–∞
                                                  —Å—Ç–∏}
You may provide a definition with
\DeclareUnicodeCharacter 


! LaTeX Error: Unicode character —Å (U+0441)
               not set up for use with LaTeX.

See the LaTeX manual or LaTeX Companion for explanation.
Type  H <return>  for immediate help.
 ...                                              
                                                  
l.3 ...ê–Ω–∞–ª–∏–∑ –ø—Ä–µ–¥–º–µ—Ç–Ω–æ–π –æ–±–ª–∞—Å
                                                  —Ç–∏}
You may provide a definition with
\DeclareUnicodeCharacter 


! LaTeX Error: Unicode character —Ç (U+0442)
               not set up for use with LaTeX.

See the LaTeX manual or LaTeX Companion for explanation.
Type  H <return>  for immediate help.
 ...                                              
                                                  
l.3 ...Ω–∞–ª–∏–∑ –ø—Ä–µ–¥–º–µ—Ç–Ω–æ–π –æ–±–ª–∞—Å—Ç
                                                  –∏}
You may provide a definition with
\DeclareUnicodeCharacter 


! LaTeX Error: Unicode character –∏ (U+0438)
               not set up for use with LaTeX.

See the LaTeX manual or LaTeX Companion for explanation.
Type  H <return>  for immediate help.
 ...                                              
                                                  
l.3 ...∞–ª–∏–∑ –ø—Ä–µ–¥–º–µ—Ç–Ω–æ–π –æ–±–ª–∞—Å—Ç–∏
                                                  }
You may provide a definition with
\DeclareUnicodeCharacter 


! LaTeX Error: Unicode character –ú (U+041C)
               not set up for use with LaTeX.

See the LaTeX manual or LaTeX Companion for explanation.
Type  H <return>  for immediate help.
 ...                                              
                                                  
l.4 –ú
      –µ–¥–∏—Ü–∏–Ω–∞ —è–≤–ª—è–µ—Ç—Å—è –æ—á–µ–Ω—å –≤–∞–∂–Ω–æ–π –ø—Ä–µ–¥–º–µ—Ç...

You may provide a definition with
\DeclareUnicodeCharacter 


! LaTeX Error: Unicode character –µ (U+0435)
               not set up for use with LaTeX.

See the LaTeX manual or LaTeX Companion for explanation.
Type  H <return>  for immediate help.
 ...                                              
                                                  
l.4 –ú–µ
        –¥–∏—Ü–∏–Ω–∞ —è–≤–ª—è–µ—Ç—Å—è –æ—á–µ–Ω—å –≤–∞–∂–Ω–æ–π –ø—Ä–µ–¥–º–µ—Ç...

You may provide a definition with
\DeclareUnicodeCharacter 


! LaTeX Error: Unicode character –¥ (U+0434)
               not set up for use with LaTeX.

See the LaTeX manual or LaTeX Companion for explanation.
Type  H <return>  for immediate help.
 ...                                              
                                                  
l.4 –ú–µ–¥
          –∏—Ü–∏–Ω–∞ —è–≤–ª—è–µ—Ç—Å—è –æ—á–µ–Ω—å –≤–∞–∂–Ω–æ–π –ø—Ä–µ–¥–º–µ—Ç...

You may provide a definition with
\DeclareUnicodeCharacter 


! LaTeX Error: Unicode character –∏ (U+0438)
               not set up for use with LaTeX.

See the LaTeX manual or LaTeX Companion for explanation.
Type  H <return>  for immediate help.
 ...                                              
                                                  
l.4 –ú–µ–¥–∏
            —Ü–∏–Ω–∞ —è–≤–ª—è–µ—Ç—Å—è –æ—á–µ–Ω—å –≤–∞–∂–Ω–æ–π –ø—Ä–µ–¥–º–µ—Ç...

You may provide a definition with
\DeclareUnicodeCharacter 


! LaTeX Error: Unicode character —Ü (U+0446)
               not set up for use with LaTeX.

See the LaTeX manual or LaTeX Companion for explanation.
Type  H <return>  for immediate help.
 ...                                              
                                                  
l.4 –ú–µ–¥–∏—Ü
              –∏–Ω–∞ —è–≤–ª—è–µ—Ç—Å—è –æ—á–µ–Ω—å –≤–∞–∂–Ω–æ–π –ø—Ä–µ–¥–º–µ—Ç...

You may provide a definition with
\DeclareUnicodeCharacter 


! LaTeX Error: Unicode character –∏ (U+0438)
               not set up for use with LaTeX.

See the LaTeX manual or LaTeX Companion for explanation.
Type  H <return>  for immediate help.
 ...                                              
                                                  
l.4 –ú–µ–¥–∏—Ü–∏
                –Ω–∞ —è–≤–ª—è–µ—Ç—Å—è –æ—á–µ–Ω—å –≤–∞–∂–Ω–æ–π –ø—Ä–µ–¥–º–µ—Ç...

You may provide a definition with
\DeclareUnicodeCharacter 


! LaTeX Error: Unicode character –Ω (U+043D)
               not set up for use with LaTeX.

See the LaTeX manual or LaTeX Companion for explanation.
Type  H <return>  for immediate help.
 ...                                              
                                                  
l.4 –ú–µ–¥–∏—Ü–∏–Ω
                  –∞ —è–≤–ª—è–µ—Ç—Å—è –æ—á–µ–Ω—å –≤–∞–∂–Ω–æ–π –ø—Ä–µ–¥–º–µ—Ç...

You may provide a definition with
\DeclareUnicodeCharacter 


! LaTeX Error: Unicode character –∞ (U+0430)
               not set up for use with LaTeX.

See the LaTeX manual or LaTeX Companion for explanation.
Type  H <return>  for immediate help.
 ...                                              
                                                  
l.4 –ú–µ–¥–∏—Ü–∏–Ω–∞
                     —è–≤–ª—è–µ—Ç—Å—è –æ—á–µ–Ω—å –≤–∞–∂–Ω–æ–π –ø—Ä–µ–¥–º–µ—Ç...

You may provide a definition with
\DeclareUnicodeCharacter 


! LaTeX Error: Unicode character —è (U+044F)
               not set up for use with LaTeX.

See the LaTeX manual or LaTeX Companion for explanation.
Type  H <return>  for immediate help.
 ...                                              
                                                  
l.4 –ú–µ–¥–∏—Ü–∏–Ω–∞ —è
                       –≤–ª—è–µ—Ç—Å—è –æ—á–µ–Ω—å –≤–∞–∂–Ω–æ–π –ø—Ä–µ–¥–º–µ—Ç...

You may provide a definition with
\DeclareUnicodeCharacter 


! LaTeX Error: Unicode character –≤ (U+0432)
               not set up for use with LaTeX.

See the LaTeX manual or LaTeX Companion for explanation.
Type  H <return>  for immediate help.
 ...                                              
                                                  
l.4 –ú–µ–¥–∏—Ü–∏–Ω–∞ —è–≤
                         –ª—è–µ—Ç—Å—è –æ—á–µ–Ω—å –≤–∞–∂–Ω–æ–π –ø—Ä–µ–¥–º–µ—Ç...

You may provide a definition with
\DeclareUnicodeCharacter 


! LaTeX Error: Unicode character –ª (U+043B)
               not set up for use with LaTeX.

See the LaTeX manual or LaTeX Companion for explanation.
Type  H <return>  for immediate help.
 ...                                              
                                                  
l.4 –ú–µ–¥–∏—Ü–∏–Ω–∞ —è–≤–ª
                           —è–µ—Ç—Å—è –æ—á–µ–Ω—å –≤–∞–∂–Ω–æ–π –ø—Ä–µ–¥–º–µ—Ç...

You may provide a definition with
\DeclareUnicodeCharacter 


! LaTeX Error: Unicode character —è (U+044F)
               not set up for use with LaTeX.

See the LaTeX manual or LaTeX Companion for explanation.
Type  H <return>  for immediate help.
 ...                                              
                                                  
l.4 –ú–µ–¥–∏—Ü–∏–Ω–∞ —è–≤–ª—è
                             –µ—Ç—Å—è –æ—á–µ–Ω—å –≤–∞–∂–Ω–æ–π –ø—Ä–µ–¥–º–µ—Ç...

You may provide a definition with
\DeclareUnicodeCharacter 


! LaTeX Error: Unicode character –µ (U+0435)
               not set up for use with LaTeX.

See the LaTeX manual or LaTeX Companion for explanation.
Type  H <return>  for immediate help.
 ...                                              
                                                  
l.4 –ú–µ–¥–∏—Ü–∏–Ω–∞ —è–≤–ª—è–µ
                               —Ç—Å—è –æ—á–µ–Ω—å –≤–∞–∂–Ω–æ–π –ø—Ä–µ–¥–º–µ—Ç...

You may provide a definition with
\DeclareUnicodeCharacter 


! LaTeX Error: Unicode character —Ç (U+0442)
               not set up for use with LaTeX.

See the LaTeX manual or LaTeX Companion for explanation.
Type  H <return>  for immediate help.
 ...                                              
                                                  
l.4 –ú–µ–¥–∏—Ü–∏–Ω–∞ —è–≤–ª—è–µ—Ç
                                 —Å—è –æ—á–µ–Ω—å –≤–∞–∂–Ω–æ–π –ø—Ä–µ–¥–º–µ—Ç...

You may provide a definition with
\DeclareUnicodeCharacter 


! LaTeX Error: Unicode character —Å (U+0441)
               not set up for use with LaTeX.

See the LaTeX manual or LaTeX Companion for explanation.
Type  H <return>  for immediate help.
 ...                                              
                                                  
l.4 –ú–µ–¥–∏—Ü–∏–Ω–∞ —è–≤–ª—è–µ—Ç—Å
                                   —è –æ—á–µ–Ω—å –≤–∞–∂–Ω–æ–π –ø—Ä–µ–¥–º–µ—Ç...

You may provide a definition with
\DeclareUnicodeCharacter 


! LaTeX Error: Unicode character —è (U+044F)
               not set up for use with LaTeX.

See the LaTeX manual or LaTeX Companion for explanation.
Type  H <return>  for immediate help.
 ...                                              
                                                  
l.4 –ú–µ–¥–∏—Ü–∏–Ω–∞ —è–≤–ª—è–µ—Ç—Å—è
                                      –æ—á–µ–Ω—å –≤–∞–∂–Ω–æ–π –ø—Ä–µ–¥–º–µ—Ç...

You may provide a definition with
\DeclareUnicodeCharacter 


! LaTeX Error: Unicode character –æ (U+043E)
               not set up for use with LaTeX.

See the LaTeX manual or LaTeX Companion for explanation.
Type  H <return>  for immediate help.
 ...                                              
                                                  
l.4 –ú–µ–¥–∏—Ü–∏–Ω–∞ —è–≤–ª—è–µ—Ç—Å—è –æ
                                        —á–µ–Ω—å –≤–∞–∂–Ω–æ–π –ø—Ä–µ–¥–º–µ—Ç...

You may provide a definition with
\DeclareUnicodeCharacter 


! LaTeX Error: Unicode character —á (U+0447)
               not set up for use with LaTeX.

See the LaTeX manual or LaTeX Companion for explanation.
Type  H <return>  for immediate help.
 ...                                              
                                                  
l.4 –ú–µ–¥–∏—Ü–∏–Ω–∞ —è–≤–ª—è–µ—Ç—Å—è –æ—á
                                          –µ–Ω—å –≤–∞–∂–Ω–æ–π –ø—Ä–µ–¥–º–µ—Ç...

You may provide a definition with
\DeclareUnicodeCharacter 


! LaTeX Error: Unicode character –µ (U+0435)
               not set up for use with LaTeX.

See the LaTeX manual or LaTeX Companion for explanation.
Type  H <return>  for immediate help.
 ...                                              
                                                  
l.4 –ú–µ–¥–∏—Ü–∏–Ω–∞ —è–≤–ª—è–µ—Ç—Å—è –æ—á–µ
                                            –Ω—å –≤–∞–∂–Ω–æ–π –ø—Ä–µ–¥–º–µ—Ç...

You may provide a definition with
\DeclareUnicodeCharacter 


! LaTeX Error: Unicode character –Ω (U+043D)
               not set up for use with LaTeX.

See the LaTeX manual or LaTeX Companion for explanation.
Type  H <return>  for immediate help.
 ...                                              
                                                  
l.4 –ú–µ–¥–∏—Ü–∏–Ω–∞ —è–≤–ª—è–µ—Ç—Å—è –æ—á–µ–Ω
                                              —å –≤–∞–∂–Ω–æ–π –ø—Ä–µ–¥–º–µ—Ç...

You may provide a definition with
\DeclareUnicodeCharacter 


! LaTeX Error: Unicode character —å (U+044C)
               not set up for use with LaTeX.

See the LaTeX manual or LaTeX Companion for explanation.
Type  H <return>  for immediate help.
 ...                                              
                                                  
l.4 –ú–µ–¥–∏—Ü–∏–Ω–∞ —è–≤–ª—è–µ—Ç—Å—è –æ—á–µ–Ω—å
                                                 –≤–∞–∂–Ω–æ–π –ø—Ä–µ–¥–º–µ—Ç...

You may provide a definition with
\DeclareUnicodeCharacter 


! LaTeX Error: Unicode character –≤ (U+0432)
               not set up for use with LaTeX.

See the LaTeX manual or LaTeX Companion for explanation.
Type  H <return>  for immediate help.
 ...                                              
                                                  
l.4 ...–¥–∏—Ü–∏–Ω–∞ —è–≤–ª—è–µ—Ç—Å—è –æ—á–µ–Ω—å –≤
                                                  –∞–∂–Ω–æ–π –ø—Ä–µ–¥–º–µ—Ç–...

You may provide a definition with
\DeclareUnicodeCharacter 


! LaTeX Error: Unicode character –∞ (U+0430)
               not set up for use with LaTeX.

See the LaTeX manual or LaTeX Companion for explanation.
Type  H <return>  for immediate help.
 ...                                              
                                                  
l.4 ...–∏—Ü–∏–Ω–∞ —è–≤–ª—è–µ—Ç—Å—è –æ—á–µ–Ω—å –≤–∞
                                                  –∂–Ω–æ–π –ø—Ä–µ–¥–º–µ—Ç–Ω–...

You may provide a definition with
\DeclareUnicodeCharacter 


! LaTeX Error: Unicode character –∂ (U+0436)
               not set up for use with LaTeX.

See the LaTeX manual or LaTeX Companion for explanation.
Type  H <return>  for immediate help.
 ...                                              
                                                  
l.4 ...—Ü–∏–Ω–∞ —è–≤–ª—è–µ—Ç—Å—è –æ—á–µ–Ω—å –≤–∞–∂
                                                  –Ω–æ–π –ø—Ä–µ–¥–º–µ—Ç–Ω–æ–...

You may provide a definition with
\DeclareUnicodeCharacter 


! LaTeX Error: Unicode character –Ω (U+043D)
               not set up for use with LaTeX.

See the LaTeX manual or LaTeX Companion for explanation.
Type  H <return>  for immediate help.
 ...                                              
                                                  
l.4 ...–∏–Ω–∞ —è–≤–ª—è–µ—Ç—Å—è –æ—á–µ–Ω—å –≤–∞–∂–Ω
                                                  –æ–π –ø—Ä–µ–¥–º–µ—Ç–Ω–æ–π ...

You may provide a definition with
\DeclareUnicodeCharacter 


! LaTeX Error: Unicode character –æ (U+043E)
               not set up for use with LaTeX.

See the LaTeX manual or LaTeX Companion for explanation.
Type  H <return>  for immediate help.
 ...                                              
                                                  
l.4 ...–Ω–∞ —è–≤–ª—è–µ—Ç—Å—è –æ—á–µ–Ω—å –≤–∞–∂–Ω–æ
                                                  –π –ø—Ä–µ–¥–º–µ—Ç–Ω–æ–π –æ...

You may provide a definition with
\DeclareUnicodeCharacter 


! LaTeX Error: Unicode character –π (U+0439)
               not set up for use with LaTeX.

See the LaTeX manual or LaTeX Companion for explanation.
Type  H <return>  for immediate help.
 ...                                              
                                                  
l.4 ...–∞ —è–≤–ª—è–µ—Ç—Å—è –æ—á–µ–Ω—å –≤–∞–∂–Ω–æ–π
                                                   –ø—Ä–µ–¥–º–µ—Ç–Ω–æ–π –æ–±...

You may provide a definition with
\DeclareUnicodeCharacter 


! LaTeX Error: Unicode character –ø (U+043F)
               not set up for use with LaTeX.

See the LaTeX manual or LaTeX Companion for explanation.
Type  H <return>  for immediate help.
 ...                                              
                                                  
l.4 ...—è–≤–ª—è–µ—Ç—Å—è –æ—á–µ–Ω—å –≤–∞–∂–Ω–æ–π –ø
                                                  —Ä–µ–¥–º–µ—Ç–Ω–æ–π –æ–±–ª–...

You may provide a definition with
\DeclareUnicodeCharacter 


! LaTeX Error: Unicode character —Ä (U+0440)
               not set up for use with LaTeX.

See the LaTeX manual or LaTeX Companion for explanation.
Type  H <return>  for immediate help.
 ...                                              
                                                  
l.4 ...–≤–ª—è–µ—Ç—Å—è –æ—á–µ–Ω—å –≤–∞–∂–Ω–æ–π –ø—Ä
                                                  –µ–¥–º–µ—Ç–Ω–æ–π –æ–±–ª–∞—...

You may provide a definition with
\DeclareUnicodeCharacter 


! LaTeX Error: Unicode character –µ (U+0435)
               not set up for use with LaTeX.

See the LaTeX manual or LaTeX Companion for explanation.
Type  H <return>  for immediate help.
 ...                                              
                                                  
l.4 ...–ª—è–µ—Ç—Å—è –æ—á–µ–Ω—å –≤–∞–∂–Ω–æ–π –ø—Ä–µ
                                                  –¥–º–µ—Ç–Ω–æ–π –æ–±–ª–∞—Å—...

You may provide a definition with
\DeclareUnicodeCharacter 


! LaTeX Error: Unicode character –¥ (U+0434)
               not set up for use with LaTeX.

See the LaTeX manual or LaTeX Companion for explanation.
Type  H <return>  for immediate help.
 ...                                              
                                                  
l.4 ...—è–µ—Ç—Å—è –æ—á–µ–Ω—å –≤–∞–∂–Ω–æ–π –ø—Ä–µ–¥
                                                  –º–µ—Ç–Ω–æ–π –æ–±–ª–∞—Å—Ç—...

You may provide a definition with
\DeclareUnicodeCharacter 


! LaTeX Error: Unicode character –º (U+043C)
               not set up for use with LaTeX.

See the LaTeX manual or LaTeX Companion for explanation.
Type  H <return>  for immediate help.
 ...                                              
                                                  
l.4 ...–µ—Ç—Å—è –æ—á–µ–Ω—å –≤–∞–∂–Ω–æ–π –ø—Ä–µ–¥–º
                                                  –µ—Ç–Ω–æ–π –æ–±–ª–∞—Å—Ç—å—...

You may provide a definition with
\DeclareUnicodeCharacter 


! LaTeX Error: Unicode character –µ (U+0435)
               not set up for use with LaTeX.

See the LaTeX manual or LaTeX Companion for explanation.
Type  H <return>  for immediate help.
 ...                                              
                                                  
l.4 ...—Ç—Å—è –æ—á–µ–Ω—å –≤–∞–∂–Ω–æ–π –ø—Ä–µ–¥–º–µ
                                                  —Ç–Ω–æ–π –æ–±–ª–∞—Å—Ç—å—é ...

You may provide a definition with
\DeclareUnicodeCharacter 


! LaTeX Error: Unicode character —Ç (U+0442)
               not set up for use with LaTeX.

See the LaTeX manual or LaTeX Companion for explanation.
Type  H <return>  for immediate help.
 ...                                              
                                                  
l.4 ...—Å—è –æ—á–µ–Ω—å –≤–∞–∂–Ω–æ–π –ø—Ä–µ–¥–º–µ—Ç
                                                  –Ω–æ–π –æ–±–ª–∞—Å—Ç—å—é –¥...

You may provide a definition with
\DeclareUnicodeCharacter 


! LaTeX Error: Unicode character –Ω (U+043D)
               not set up for use with LaTeX.

See the LaTeX manual or LaTeX Companion for explanation.
Type  H <return>  for immediate help.
 ...                                              
                                                  
l.4 ...—è –æ—á–µ–Ω—å –≤–∞–∂–Ω–æ–π –ø—Ä–µ–¥–º–µ—Ç–Ω
                                                  –æ–π –æ–±–ª–∞—Å—Ç—å—é –¥–ª...
(That makes 100 errors; please try again.) 
Here is how much of TeX's memory you used:
 58 strings out of 478287
 782 string characters out of 5849289
 289005 words of memory out of 5000000
 18354 multiletter control sequences out of 15000+600000
 469259 words of font info for 28 fonts, out of 8000000 for 9000
 1141 hyphenation exceptions out of 8191
 13i,0n,12p,1321b,35s stack positions out of 5000i,500n,10000p,200000b,80000s

!  ==> Fatal error occurred, no output PDF file produced!
