This is pdfTeX, Version 3.141592653-2.6-1.40.22 (TeX Live 2022/dev/Debian) (preloaded format=pdflatex 2023.2.27)  17 MAY 2023 09:12
entering extended mode
 restricted \write18 enabled.
 %&-line parsing enabled.
**reduction.tex
(./reduction.tex
LaTeX2e <2021-11-15> patch level 1
L3 programming layer <2022-01-21>
! Undefined control sequence.
l.1 \sectioncentered
                    *{–ü–µ—Ä–µ—á–µ–Ω—å —É—Å–ª–æ–≤–Ω—ã—Ö –æ–±–æ–∑–Ω–∞—á–µ–Ω–∏–π}
The control sequence at the end of the top line
of your error message was never \def'ed. If you have
misspelled it (e.g., `\hobx'), type `I' and the correct
spelling (e.g., `I\hbox'). Otherwise just continue,
and I'll forget about whatever was undefined.


! LaTeX Error: Missing \begin{document}.

See the LaTeX manual or LaTeX Companion for explanation.
Type  H <return>  for immediate help.
 ...                                              
                                                  
l.1 \sectioncentered*
                     {–ü–µ—Ä–µ—á–µ–Ω—å —É—Å–ª–æ–≤–Ω—ã—Ö –æ–±–æ–∑–Ω–∞—á–µ–Ω–∏–π}

You're in trouble here.  Try typing  <return>  to proceed.
If that doesn't work, type  X <return>  to quit.

Missing character: There is no * in font nullfont!

! LaTeX Error: Unicode character –ü (U+041F)
               not set up for use with LaTeX.

See the LaTeX manual or LaTeX Companion for explanation.
Type  H <return>  for immediate help.
 ...                                              
                                                  
l.1 \sectioncentered*{–ü
                        –µ—Ä–µ—á–µ–Ω—å —É—Å–ª–æ–≤–Ω—ã—Ö –æ–±–æ–∑–Ω–∞—á–µ–Ω–∏–π}

You may provide a definition with
\DeclareUnicodeCharacter 


! LaTeX Error: Unicode character –µ (U+0435)
               not set up for use with LaTeX.

See the LaTeX manual or LaTeX Companion for explanation.
Type  H <return>  for immediate help.
 ...                                              
                                                  
l.1 \sectioncentered*{–ü–µ
                          —Ä–µ—á–µ–Ω—å —É—Å–ª–æ–≤–Ω—ã—Ö –æ–±–æ–∑–Ω–∞—á–µ–Ω–∏–π}

You may provide a definition with
\DeclareUnicodeCharacter 


! LaTeX Error: Unicode character —Ä (U+0440)
               not set up for use with LaTeX.

See the LaTeX manual or LaTeX Companion for explanation.
Type  H <return>  for immediate help.
 ...                                              
                                                  
l.1 \sectioncentered*{–ü–µ—Ä
                            –µ—á–µ–Ω—å —É—Å–ª–æ–≤–Ω—ã—Ö –æ–±–æ–∑–Ω–∞—á–µ–Ω–∏–π}

You may provide a definition with
\DeclareUnicodeCharacter 


! LaTeX Error: Unicode character –µ (U+0435)
               not set up for use with LaTeX.

See the LaTeX manual or LaTeX Companion for explanation.
Type  H <return>  for immediate help.
 ...                                              
                                                  
l.1 \sectioncentered*{–ü–µ—Ä–µ
                              —á–µ–Ω—å —É—Å–ª–æ–≤–Ω—ã—Ö –æ–±–æ–∑–Ω–∞—á–µ–Ω–∏–π}

You may provide a definition with
\DeclareUnicodeCharacter 


! LaTeX Error: Unicode character —á (U+0447)
               not set up for use with LaTeX.

See the LaTeX manual or LaTeX Companion for explanation.
Type  H <return>  for immediate help.
 ...                                              
                                                  
l.1 \sectioncentered*{–ü–µ—Ä–µ—á
                                –µ–Ω—å —É—Å–ª–æ–≤–Ω—ã—Ö –æ–±–æ–∑–Ω–∞—á–µ–Ω–∏–π}

You may provide a definition with
\DeclareUnicodeCharacter 


! LaTeX Error: Unicode character –µ (U+0435)
               not set up for use with LaTeX.

See the LaTeX manual or LaTeX Companion for explanation.
Type  H <return>  for immediate help.
 ...                                              
                                                  
l.1 \sectioncentered*{–ü–µ—Ä–µ—á–µ
                                  –Ω—å —É—Å–ª–æ–≤–Ω—ã—Ö –æ–±–æ–∑–Ω–∞—á–µ–Ω–∏–π}

You may provide a definition with
\DeclareUnicodeCharacter 


! LaTeX Error: Unicode character –Ω (U+043D)
               not set up for use with LaTeX.

See the LaTeX manual or LaTeX Companion for explanation.
Type  H <return>  for immediate help.
 ...                                              
                                                  
l.1 \sectioncentered*{–ü–µ—Ä–µ—á–µ–Ω
                                    —å —É—Å–ª–æ–≤–Ω—ã—Ö –æ–±–æ–∑–Ω–∞—á–µ–Ω–∏–π}

You may provide a definition with
\DeclareUnicodeCharacter 


! LaTeX Error: Unicode character —å (U+044C)
               not set up for use with LaTeX.

See the LaTeX manual or LaTeX Companion for explanation.
Type  H <return>  for immediate help.
 ...                                              
                                                  
l.1 \sectioncentered*{–ü–µ—Ä–µ—á–µ–Ω—å
                                       —É—Å–ª–æ–≤–Ω—ã—Ö –æ–±–æ–∑–Ω–∞—á–µ–Ω–∏–π}

You may provide a definition with
\DeclareUnicodeCharacter 


! LaTeX Error: Unicode character —É (U+0443)
               not set up for use with LaTeX.

See the LaTeX manual or LaTeX Companion for explanation.
Type  H <return>  for immediate help.
 ...                                              
                                                  
l.1 \sectioncentered*{–ü–µ—Ä–µ—á–µ–Ω—å —É
                                         —Å–ª–æ–≤–Ω—ã—Ö –æ–±–æ–∑–Ω–∞—á–µ–Ω–∏–π}

You may provide a definition with
\DeclareUnicodeCharacter 


! LaTeX Error: Unicode character —Å (U+0441)
               not set up for use with LaTeX.

See the LaTeX manual or LaTeX Companion for explanation.
Type  H <return>  for immediate help.
 ...                                              
                                                  
l.1 \sectioncentered*{–ü–µ—Ä–µ—á–µ–Ω—å —É—Å
                                           –ª–æ–≤–Ω—ã—Ö –æ–±–æ–∑–Ω–∞—á–µ–Ω–∏–π}

You may provide a definition with
\DeclareUnicodeCharacter 


! LaTeX Error: Unicode character –ª (U+043B)
               not set up for use with LaTeX.

See the LaTeX manual or LaTeX Companion for explanation.
Type  H <return>  for immediate help.
 ...                                              
                                                  
l.1 \sectioncentered*{–ü–µ—Ä–µ—á–µ–Ω—å —É—Å–ª
                                             –æ–≤–Ω—ã—Ö –æ–±–æ–∑–Ω–∞—á–µ–Ω–∏–π}

You may provide a definition with
\DeclareUnicodeCharacter 


! LaTeX Error: Unicode character –æ (U+043E)
               not set up for use with LaTeX.

See the LaTeX manual or LaTeX Companion for explanation.
Type  H <return>  for immediate help.
 ...                                              
                                                  
l.1 \sectioncentered*{–ü–µ—Ä–µ—á–µ–Ω—å —É—Å–ª–æ
                                               –≤–Ω—ã—Ö –æ–±–æ–∑–Ω–∞—á–µ–Ω–∏–π}

You may provide a definition with
\DeclareUnicodeCharacter 


! LaTeX Error: Unicode character –≤ (U+0432)
               not set up for use with LaTeX.

See the LaTeX manual or LaTeX Companion for explanation.
Type  H <return>  for immediate help.
 ...                                              
                                                  
l.1 \sectioncentered*{–ü–µ—Ä–µ—á–µ–Ω—å —É—Å–ª–æ–≤
                                                 –Ω—ã—Ö –æ–±–æ–∑–Ω–∞—á–µ–Ω–∏–π}

You may provide a definition with
\DeclareUnicodeCharacter 


! LaTeX Error: Unicode character –Ω (U+043D)
               not set up for use with LaTeX.

See the LaTeX manual or LaTeX Companion for explanation.
Type  H <return>  for immediate help.
 ...                                              
                                                  
l.1 ...tioncentered*{–ü–µ—Ä–µ—á–µ–Ω—å —É—Å–ª–æ–≤–Ω
                                                  —ã—Ö –æ–±–æ–∑–Ω–∞—á–µ–Ω–∏–π}
You may provide a definition with
\DeclareUnicodeCharacter 


! LaTeX Error: Unicode character —ã (U+044B)
               not set up for use with LaTeX.

See the LaTeX manual or LaTeX Companion for explanation.
Type  H <return>  for immediate help.
 ...                                              
                                                  
l.1 ...oncentered*{–ü–µ—Ä–µ—á–µ–Ω—å —É—Å–ª–æ–≤–Ω—ã
                                                  —Ö –æ–±–æ–∑–Ω–∞—á–µ–Ω–∏–π}
You may provide a definition with
\DeclareUnicodeCharacter 


! LaTeX Error: Unicode character —Ö (U+0445)
               not set up for use with LaTeX.

See the LaTeX manual or LaTeX Companion for explanation.
Type  H <return>  for immediate help.
 ...                                              
                                                  
l.1 ...centered*{–ü–µ—Ä–µ—á–µ–Ω—å —É—Å–ª–æ–≤–Ω—ã—Ö
                                                   –æ–±–æ–∑–Ω–∞—á–µ–Ω–∏–π}
You may provide a definition with
\DeclareUnicodeCharacter 


! LaTeX Error: Unicode character –æ (U+043E)
               not set up for use with LaTeX.

See the LaTeX manual or LaTeX Companion for explanation.
Type  H <return>  for immediate help.
 ...                                              
                                                  
l.1 ...tered*{–ü–µ—Ä–µ—á–µ–Ω—å —É—Å–ª–æ–≤–Ω—ã—Ö –æ
                                                  –±–æ–∑–Ω–∞—á–µ–Ω–∏–π}
You may provide a definition with
\DeclareUnicodeCharacter 


! LaTeX Error: Unicode character –± (U+0431)
               not set up for use with LaTeX.

See the LaTeX manual or LaTeX Companion for explanation.
Type  H <return>  for immediate help.
 ...                                              
                                                  
l.1 ...red*{–ü–µ—Ä–µ—á–µ–Ω—å —É—Å–ª–æ–≤–Ω—ã—Ö –æ–±
                                                  –æ–∑–Ω–∞—á–µ–Ω–∏–π}
You may provide a definition with
\DeclareUnicodeCharacter 


! LaTeX Error: Unicode character –æ (U+043E)
               not set up for use with LaTeX.

See the LaTeX manual or LaTeX Companion for explanation.
Type  H <return>  for immediate help.
 ...                                              
                                                  
l.1 ...d*{–ü–µ—Ä–µ—á–µ–Ω—å —É—Å–ª–æ–≤–Ω—ã—Ö –æ–±–æ
                                                  –∑–Ω–∞—á–µ–Ω–∏–π}
You may provide a definition with
\DeclareUnicodeCharacter 


! LaTeX Error: Unicode character –∑ (U+0437)
               not set up for use with LaTeX.

See the LaTeX manual or LaTeX Companion for explanation.
Type  H <return>  for immediate help.
 ...                                              
                                                  
l.1 ...{–ü–µ—Ä–µ—á–µ–Ω—å —É—Å–ª–æ–≤–Ω—ã—Ö –æ–±–æ–∑
                                                  –Ω–∞—á–µ–Ω–∏–π}
You may provide a definition with
\DeclareUnicodeCharacter 


! LaTeX Error: Unicode character –Ω (U+043D)
               not set up for use with LaTeX.

See the LaTeX manual or LaTeX Companion for explanation.
Type  H <return>  for immediate help.
 ...                                              
                                                  
l.1 ...ü–µ—Ä–µ—á–µ–Ω—å —É—Å–ª–æ–≤–Ω—ã—Ö –æ–±–æ–∑–Ω
                                                  –∞—á–µ–Ω–∏–π}
You may provide a definition with
\DeclareUnicodeCharacter 


! LaTeX Error: Unicode character –∞ (U+0430)
               not set up for use with LaTeX.

See the LaTeX manual or LaTeX Companion for explanation.
Type  H <return>  for immediate help.
 ...                                              
                                                  
l.1 ...µ—Ä–µ—á–µ–Ω—å —É—Å–ª–æ–≤–Ω—ã—Ö –æ–±–æ–∑–Ω–∞
                                                  —á–µ–Ω–∏–π}
You may provide a definition with
\DeclareUnicodeCharacter 


! LaTeX Error: Unicode character —á (U+0447)
               not set up for use with LaTeX.

See the LaTeX manual or LaTeX Companion for explanation.
Type  H <return>  for immediate help.
 ...                                              
                                                  
l.1 ...Ä–µ—á–µ–Ω—å —É—Å–ª–æ–≤–Ω—ã—Ö –æ–±–æ–∑–Ω–∞—á
                                                  –µ–Ω–∏–π}
You may provide a definition with
\DeclareUnicodeCharacter 


! LaTeX Error: Unicode character –µ (U+0435)
               not set up for use with LaTeX.

See the LaTeX manual or LaTeX Companion for explanation.
Type  H <return>  for immediate help.
 ...                                              
                                                  
l.1 ...µ—á–µ–Ω—å —É—Å–ª–æ–≤–Ω—ã—Ö –æ–±–æ–∑–Ω–∞—á–µ
                                                  –Ω–∏–π}
You may provide a definition with
\DeclareUnicodeCharacter 


! LaTeX Error: Unicode character –Ω (U+043D)
               not set up for use with LaTeX.

See the LaTeX manual or LaTeX Companion for explanation.
Type  H <return>  for immediate help.
 ...                                              
                                                  
l.1 ...á–µ–Ω—å —É—Å–ª–æ–≤–Ω—ã—Ö –æ–±–æ–∑–Ω–∞—á–µ–Ω
                                                  –∏–π}
You may provide a definition with
\DeclareUnicodeCharacter 


! LaTeX Error: Unicode character –∏ (U+0438)
               not set up for use with LaTeX.

See the LaTeX manual or LaTeX Companion for explanation.
Type  H <return>  for immediate help.
 ...                                              
                                                  
l.1 ...µ–Ω—å —É—Å–ª–æ–≤–Ω—ã—Ö –æ–±–æ–∑–Ω–∞—á–µ–Ω–∏
                                                  –π}
You may provide a definition with
\DeclareUnicodeCharacter 


! LaTeX Error: Unicode character –π (U+0439)
               not set up for use with LaTeX.

See the LaTeX manual or LaTeX Companion for explanation.
Type  H <return>  for immediate help.
 ...                                              
                                                  
l.1 ...Ω—å —É—Å–ª–æ–≤–Ω—ã—Ö –æ–±–æ–∑–Ω–∞—á–µ–Ω–∏–π
                                                  }
You may provide a definition with
\DeclareUnicodeCharacter 


! LaTeX Error: Unicode character –í (U+0412)
               not set up for use with LaTeX.

See the LaTeX manual or LaTeX Companion for explanation.
Type  H <return>  for immediate help.
 ...                                              
                                                  
l.4 –í
       –∫—É—Ä—Å–æ–≤–æ–π —Ä–∞–±–æ—Ç–µ –∏—Å–ø–æ–ª—å–∑—É—é—Ç—Å—è —Å–ª–µ–¥—É—é—â...

You may provide a definition with
\DeclareUnicodeCharacter 


! LaTeX Error: Unicode character –∫ (U+043A)
               not set up for use with LaTeX.

See the LaTeX manual or LaTeX Companion for explanation.
Type  H <return>  for immediate help.
 ...                                              
                                                  
l.4 –í –∫
         —É—Ä—Å–æ–≤–æ–π —Ä–∞–±–æ—Ç–µ –∏—Å–ø–æ–ª—å–∑—É—é—Ç—Å—è —Å–ª–µ–¥—É—é—â...

You may provide a definition with
\DeclareUnicodeCharacter 


! LaTeX Error: Unicode character —É (U+0443)
               not set up for use with LaTeX.

See the LaTeX manual or LaTeX Companion for explanation.
Type  H <return>  for immediate help.
 ...                                              
                                                  
l.4 –í –∫—É
           —Ä—Å–æ–≤–æ–π —Ä–∞–±–æ—Ç–µ –∏—Å–ø–æ–ª—å–∑—É—é—Ç—Å—è —Å–ª–µ–¥—É—é—â...

You may provide a definition with
\DeclareUnicodeCharacter 


! LaTeX Error: Unicode character —Ä (U+0440)
               not set up for use with LaTeX.

See the LaTeX manual or LaTeX Companion for explanation.
Type  H <return>  for immediate help.
 ...                                              
                                                  
l.4 –í –∫—É—Ä
             —Å–æ–≤–æ–π —Ä–∞–±–æ—Ç–µ –∏—Å–ø–æ–ª—å–∑—É—é—Ç—Å—è —Å–ª–µ–¥—É—é—â...

You may provide a definition with
\DeclareUnicodeCharacter 


! LaTeX Error: Unicode character —Å (U+0441)
               not set up for use with LaTeX.

See the LaTeX manual or LaTeX Companion for explanation.
Type  H <return>  for immediate help.
 ...                                              
                                                  
l.4 –í –∫—É—Ä—Å
               –æ–≤–æ–π —Ä–∞–±–æ—Ç–µ –∏—Å–ø–æ–ª—å–∑—É—é—Ç—Å—è —Å–ª–µ–¥—É—é—â...

You may provide a definition with
\DeclareUnicodeCharacter 


! LaTeX Error: Unicode character –æ (U+043E)
               not set up for use with LaTeX.

See the LaTeX manual or LaTeX Companion for explanation.
Type  H <return>  for immediate help.
 ...                                              
                                                  
l.4 –í –∫—É—Ä—Å–æ
                 –≤–æ–π —Ä–∞–±–æ—Ç–µ –∏—Å–ø–æ–ª—å–∑—É—é—Ç—Å—è —Å–ª–µ–¥—É—é—â...

You may provide a definition with
\DeclareUnicodeCharacter 


! LaTeX Error: Unicode character –≤ (U+0432)
               not set up for use with LaTeX.

See the LaTeX manual or LaTeX Companion for explanation.
Type  H <return>  for immediate help.
 ...                                              
                                                  
l.4 –í –∫—É—Ä—Å–æ–≤
                   –æ–π —Ä–∞–±–æ—Ç–µ –∏—Å–ø–æ–ª—å–∑—É—é—Ç—Å—è —Å–ª–µ–¥—É—é—â...

You may provide a definition with
\DeclareUnicodeCharacter 


! LaTeX Error: Unicode character –æ (U+043E)
               not set up for use with LaTeX.

See the LaTeX manual or LaTeX Companion for explanation.
Type  H <return>  for immediate help.
 ...                                              
                                                  
l.4 –í –∫—É—Ä—Å–æ–≤–æ
                     –π —Ä–∞–±–æ—Ç–µ –∏—Å–ø–æ–ª—å–∑—É—é—Ç—Å—è —Å–ª–µ–¥—É—é—â...

You may provide a definition with
\DeclareUnicodeCharacter 


! LaTeX Error: Unicode character –π (U+0439)
               not set up for use with LaTeX.

See the LaTeX manual or LaTeX Companion for explanation.
Type  H <return>  for immediate help.
 ...                                              
                                                  
l.4 –í –∫—É—Ä—Å–æ–≤–æ–π
                        —Ä–∞–±–æ—Ç–µ –∏—Å–ø–æ–ª—å–∑—É—é—Ç—Å—è —Å–ª–µ–¥—É—é—â...

You may provide a definition with
\DeclareUnicodeCharacter 


! LaTeX Error: Unicode character —Ä (U+0440)
               not set up for use with LaTeX.

See the LaTeX manual or LaTeX Companion for explanation.
Type  H <return>  for immediate help.
 ...                                              
                                                  
l.4 –í –∫—É—Ä—Å–æ–≤–æ–π —Ä
                          –∞–±–æ—Ç–µ –∏—Å–ø–æ–ª—å–∑—É—é—Ç—Å—è —Å–ª–µ–¥—É—é—â...

You may provide a definition with
\DeclareUnicodeCharacter 


! LaTeX Error: Unicode character –∞ (U+0430)
               not set up for use with LaTeX.

See the LaTeX manual or LaTeX Companion for explanation.
Type  H <return>  for immediate help.
 ...                                              
                                                  
l.4 –í –∫—É—Ä—Å–æ–≤–æ–π —Ä–∞
                            –±–æ—Ç–µ –∏—Å–ø–æ–ª—å–∑—É—é—Ç—Å—è —Å–ª–µ–¥—É—é—â...

You may provide a definition with
\DeclareUnicodeCharacter 


! LaTeX Error: Unicode character –± (U+0431)
               not set up for use with LaTeX.

See the LaTeX manual or LaTeX Companion for explanation.
Type  H <return>  for immediate help.
 ...                                              
                                                  
l.4 –í –∫—É—Ä—Å–æ–≤–æ–π —Ä–∞–±
                              –æ—Ç–µ –∏—Å–ø–æ–ª—å–∑—É—é—Ç—Å—è —Å–ª–µ–¥—É—é—â...

You may provide a definition with
\DeclareUnicodeCharacter 


! LaTeX Error: Unicode character –æ (U+043E)
               not set up for use with LaTeX.

See the LaTeX manual or LaTeX Companion for explanation.
Type  H <return>  for immediate help.
 ...                                              
                                                  
l.4 –í –∫—É—Ä—Å–æ–≤–æ–π —Ä–∞–±–æ
                                —Ç–µ –∏—Å–ø–æ–ª—å–∑—É—é—Ç—Å—è —Å–ª–µ–¥—É—é—â...

You may provide a definition with
\DeclareUnicodeCharacter 


! LaTeX Error: Unicode character —Ç (U+0442)
               not set up for use with LaTeX.

See the LaTeX manual or LaTeX Companion for explanation.
Type  H <return>  for immediate help.
 ...                                              
                                                  
l.4 –í –∫—É—Ä—Å–æ–≤–æ–π —Ä–∞–±–æ—Ç
                                  –µ –∏—Å–ø–æ–ª—å–∑—É—é—Ç—Å—è —Å–ª–µ–¥—É—é—â...

You may provide a definition with
\DeclareUnicodeCharacter 


! LaTeX Error: Unicode character –µ (U+0435)
               not set up for use with LaTeX.

See the LaTeX manual or LaTeX Companion for explanation.
Type  H <return>  for immediate help.
 ...                                              
                                                  
l.4 –í –∫—É—Ä—Å–æ–≤–æ–π —Ä–∞–±–æ—Ç–µ
                                     –∏—Å–ø–æ–ª—å–∑—É—é—Ç—Å—è —Å–ª–µ–¥—É—é—â...

You may provide a definition with
\DeclareUnicodeCharacter 


! LaTeX Error: Unicode character –∏ (U+0438)
               not set up for use with LaTeX.

See the LaTeX manual or LaTeX Companion for explanation.
Type  H <return>  for immediate help.
 ...                                              
                                                  
l.4 –í –∫—É—Ä—Å–æ–≤–æ–π —Ä–∞–±–æ—Ç–µ –∏
                                       —Å–ø–æ–ª—å–∑—É—é—Ç—Å—è —Å–ª–µ–¥—É—é—â...

You may provide a definition with
\DeclareUnicodeCharacter 


! LaTeX Error: Unicode character —Å (U+0441)
               not set up for use with LaTeX.

See the LaTeX manual or LaTeX Companion for explanation.
Type  H <return>  for immediate help.
 ...                                              
                                                  
l.4 –í –∫—É—Ä—Å–æ–≤–æ–π —Ä–∞–±–æ—Ç–µ –∏—Å
                                         –ø–æ–ª—å–∑—É—é—Ç—Å—è —Å–ª–µ–¥—É—é—â...

You may provide a definition with
\DeclareUnicodeCharacter 


! LaTeX Error: Unicode character –ø (U+043F)
               not set up for use with LaTeX.

See the LaTeX manual or LaTeX Companion for explanation.
Type  H <return>  for immediate help.
 ...                                              
                                                  
l.4 –í –∫—É—Ä—Å–æ–≤–æ–π —Ä–∞–±–æ—Ç–µ –∏—Å–ø
                                           –æ–ª—å–∑—É—é—Ç—Å—è —Å–ª–µ–¥—É—é—â...

You may provide a definition with
\DeclareUnicodeCharacter 


! LaTeX Error: Unicode character –æ (U+043E)
               not set up for use with LaTeX.

See the LaTeX manual or LaTeX Companion for explanation.
Type  H <return>  for immediate help.
 ...                                              
                                                  
l.4 –í –∫—É—Ä—Å–æ–≤–æ–π —Ä–∞–±–æ—Ç–µ –∏—Å–ø–æ
                                             –ª—å–∑—É—é—Ç—Å—è —Å–ª–µ–¥—É—é—â...

You may provide a definition with
\DeclareUnicodeCharacter 


! LaTeX Error: Unicode character –ª (U+043B)
               not set up for use with LaTeX.

See the LaTeX manual or LaTeX Companion for explanation.
Type  H <return>  for immediate help.
 ...                                              
                                                  
l.4 –í –∫—É—Ä—Å–æ–≤–æ–π —Ä–∞–±–æ—Ç–µ –∏—Å–ø–æ–ª
                                               —å–∑—É—é—Ç—Å—è —Å–ª–µ–¥—É—é—â...

You may provide a definition with
\DeclareUnicodeCharacter 


! LaTeX Error: Unicode character —å (U+044C)
               not set up for use with LaTeX.

See the LaTeX manual or LaTeX Companion for explanation.
Type  H <return>  for immediate help.
 ...                                              
                                                  
l.4 –í –∫—É—Ä—Å–æ–≤–æ–π —Ä–∞–±–æ—Ç–µ –∏—Å–ø–æ–ª—å
                                                 –∑—É—é—Ç—Å—è —Å–ª–µ–¥—É—é—â...

You may provide a definition with
\DeclareUnicodeCharacter 


! LaTeX Error: Unicode character –∑ (U+0437)
               not set up for use with LaTeX.

See the LaTeX manual or LaTeX Companion for explanation.
Type  H <return>  for immediate help.
 ...                                              
                                                  
l.4 ...∫—É—Ä—Å–æ–≤–æ–π —Ä–∞–±–æ—Ç–µ –∏—Å–ø–æ–ª—å–∑
                                                  —É—é—Ç—Å—è —Å–ª–µ–¥—É—é—â–...

You may provide a definition with
\DeclareUnicodeCharacter 


! LaTeX Error: Unicode character —É (U+0443)
               not set up for use with LaTeX.

See the LaTeX manual or LaTeX Companion for explanation.
Type  H <return>  for immediate help.
 ...                                              
                                                  
l.4 ...É—Ä—Å–æ–≤–æ–π —Ä–∞–±–æ—Ç–µ –∏—Å–ø–æ–ª—å–∑—É
                                                  —é—Ç—Å—è —Å–ª–µ–¥—É—é—â–∏–...

You may provide a definition with
\DeclareUnicodeCharacter 


! LaTeX Error: Unicode character —é (U+044E)
               not set up for use with LaTeX.

See the LaTeX manual or LaTeX Companion for explanation.
Type  H <return>  for immediate help.
 ...                                              
                                                  
l.4 ...Ä—Å–æ–≤–æ–π —Ä–∞–±–æ—Ç–µ –∏—Å–ø–æ–ª—å–∑—É—é
                                                  —Ç—Å—è —Å–ª–µ–¥—É—é—â–∏–µ ...

You may provide a definition with
\DeclareUnicodeCharacter 


! LaTeX Error: Unicode character —Ç (U+0442)
               not set up for use with LaTeX.

See the LaTeX manual or LaTeX Companion for explanation.
Type  H <return>  for immediate help.
 ...                                              
                                                  
l.4 ...Å–æ–≤–æ–π —Ä–∞–±–æ—Ç–µ –∏—Å–ø–æ–ª—å–∑—É—é—Ç
                                                  —Å—è —Å–ª–µ–¥—É—é—â–∏–µ —É...

You may provide a definition with
\DeclareUnicodeCharacter 


! LaTeX Error: Unicode character —Å (U+0441)
               not set up for use with LaTeX.

See the LaTeX manual or LaTeX Companion for explanation.
Type  H <return>  for immediate help.
 ...                                              
                                                  
l.4 ...æ–≤–æ–π —Ä–∞–±–æ—Ç–µ –∏—Å–ø–æ–ª—å–∑—É—é—Ç—Å
                                                  —è —Å–ª–µ–¥—É—é—â–∏–µ —É—Å...

You may provide a definition with
\DeclareUnicodeCharacter 


! LaTeX Error: Unicode character —è (U+044F)
               not set up for use with LaTeX.

See the LaTeX manual or LaTeX Companion for explanation.
Type  H <return>  for immediate help.
 ...                                              
                                                  
l.4 ...≤–æ–π —Ä–∞–±–æ—Ç–µ –∏—Å–ø–æ–ª—å–∑—É—é—Ç—Å—è
                                                   —Å–ª–µ–¥—É—é—â–∏–µ —É—Å–ª...

You may provide a definition with
\DeclareUnicodeCharacter 


! LaTeX Error: Unicode character —Å (U+0441)
               not set up for use with LaTeX.

See the LaTeX manual or LaTeX Companion for explanation.
Type  H <return>  for immediate help.
 ...                                              
                                                  
l.4 ...–π —Ä–∞–±–æ—Ç–µ –∏—Å–ø–æ–ª—å–∑—É—é—Ç—Å—è —Å
                                                  –ª–µ–¥—É—é—â–∏–µ —É—Å–ª–æ–...

You may provide a definition with
\DeclareUnicodeCharacter 


! LaTeX Error: Unicode character –ª (U+043B)
               not set up for use with LaTeX.

See the LaTeX manual or LaTeX Companion for explanation.
Type  H <return>  for immediate help.
 ...                                              
                                                  
l.4 ... —Ä–∞–±–æ—Ç–µ –∏—Å–ø–æ–ª—å–∑—É—é—Ç—Å—è —Å–ª
                                                  –µ–¥—É—é—â–∏–µ —É—Å–ª–æ–≤–...

You may provide a definition with
\DeclareUnicodeCharacter 


! LaTeX Error: Unicode character –µ (U+0435)
               not set up for use with LaTeX.

See the LaTeX manual or LaTeX Companion for explanation.
Type  H <return>  for immediate help.
 ...                                              
                                                  
l.4 ...Ä–∞–±–æ—Ç–µ –∏—Å–ø–æ–ª—å–∑—É—é—Ç—Å—è —Å–ª–µ
                                                  –¥—É—é—â–∏–µ —É—Å–ª–æ–≤–Ω—...

You may provide a definition with
\DeclareUnicodeCharacter 


! LaTeX Error: Unicode character –¥ (U+0434)
               not set up for use with LaTeX.

See the LaTeX manual or LaTeX Companion for explanation.
Type  H <return>  for immediate help.
 ...                                              
                                                  
l.4 ...∞–±–æ—Ç–µ –∏—Å–ø–æ–ª—å–∑—É—é—Ç—Å—è —Å–ª–µ–¥
                                                  —É—é—â–∏–µ —É—Å–ª–æ–≤–Ω—ã–...

You may provide a definition with
\DeclareUnicodeCharacter 


! LaTeX Error: Unicode character —É (U+0443)
               not set up for use with LaTeX.

See the LaTeX manual or LaTeX Companion for explanation.
Type  H <return>  for immediate help.
 ...                                              
                                                  
l.4 ...±–æ—Ç–µ –∏—Å–ø–æ–ª—å–∑—É—é—Ç—Å—è —Å–ª–µ–¥—É
                                                  —é—â–∏–µ —É—Å–ª–æ–≤–Ω—ã–µ ...

You may provide a definition with
\DeclareUnicodeCharacter 


! LaTeX Error: Unicode character —é (U+044E)
               not set up for use with LaTeX.

See the LaTeX manual or LaTeX Companion for explanation.
Type  H <return>  for immediate help.
 ...                                              
                                                  
l.4 ...æ—Ç–µ –∏—Å–ø–æ–ª—å–∑—É—é—Ç—Å—è —Å–ª–µ–¥—É—é
                                                  —â–∏–µ —É—Å–ª–æ–≤–Ω—ã–µ –æ...

You may provide a definition with
\DeclareUnicodeCharacter 


! LaTeX Error: Unicode character —â (U+0449)
               not set up for use with LaTeX.

See the LaTeX manual or LaTeX Companion for explanation.
Type  H <return>  for immediate help.
 ...                                              
                                                  
l.4 ...Ç–µ –∏—Å–ø–æ–ª—å–∑—É—é—Ç—Å—è —Å–ª–µ–¥—É—é—â
                                                  –∏–µ —É—Å–ª–æ–≤–Ω—ã–µ –æ–±...

You may provide a definition with
\DeclareUnicodeCharacter 


! LaTeX Error: Unicode character –∏ (U+0438)
               not set up for use with LaTeX.

See the LaTeX manual or LaTeX Companion for explanation.
Type  H <return>  for immediate help.
 ...                                              
                                                  
l.4 ...µ –∏—Å–ø–æ–ª—å–∑—É—é—Ç—Å—è —Å–ª–µ–¥—É—é—â–∏
                                                  –µ —É—Å–ª–æ–≤–Ω—ã–µ –æ–±–æ...

You may provide a definition with
\DeclareUnicodeCharacter 


! LaTeX Error: Unicode character –µ (U+0435)
               not set up for use with LaTeX.

See the LaTeX manual or LaTeX Companion for explanation.
Type  H <return>  for immediate help.
 ...                                              
                                                  
l.4 ...–∏—Å–ø–æ–ª—å–∑—É—é—Ç—Å—è —Å–ª–µ–¥—É—é—â–∏–µ
                                                   —É—Å–ª–æ–≤–Ω—ã–µ –æ–±–æ–∑...

You may provide a definition with
\DeclareUnicodeCharacter 


! LaTeX Error: Unicode character —É (U+0443)
               not set up for use with LaTeX.

See the LaTeX manual or LaTeX Companion for explanation.
Type  H <return>  for immediate help.
 ...                                              
                                                  
l.4 ...Å–ø–æ–ª—å–∑—É—é—Ç—Å—è —Å–ª–µ–¥—É—é—â–∏–µ —É
                                                  —Å–ª–æ–≤–Ω—ã–µ –æ–±–æ–∑–Ω–...

You may provide a definition with
\DeclareUnicodeCharacter 


! LaTeX Error: Unicode character —Å (U+0441)
               not set up for use with LaTeX.

See the LaTeX manual or LaTeX Companion for explanation.
Type  H <return>  for immediate help.
 ...                                              
                                                  
l.4 ...ø–æ–ª—å–∑—É—é—Ç—Å—è —Å–ª–µ–¥—É—é—â–∏–µ —É—Å
                                                  –ª–æ–≤–Ω—ã–µ –æ–±–æ–∑–Ω–∞—...

You may provide a definition with
\DeclareUnicodeCharacter 


! LaTeX Error: Unicode character –ª (U+043B)
               not set up for use with LaTeX.

See the LaTeX manual or LaTeX Companion for explanation.
Type  H <return>  for immediate help.
 ...                                              
                                                  
l.4 ...æ–ª—å–∑—É—é—Ç—Å—è —Å–ª–µ–¥—É—é—â–∏–µ —É—Å–ª
                                                  –æ–≤–Ω—ã–µ –æ–±–æ–∑–Ω–∞—á–...

You may provide a definition with
\DeclareUnicodeCharacter 


! LaTeX Error: Unicode character –æ (U+043E)
               not set up for use with LaTeX.

See the LaTeX manual or LaTeX Companion for explanation.
Type  H <return>  for immediate help.
 ...                                              
                                                  
l.4 ...ª—å–∑—É—é—Ç—Å—è —Å–ª–µ–¥—É—é—â–∏–µ —É—Å–ª–æ
                                                  –≤–Ω—ã–µ –æ–±–æ–∑–Ω–∞—á–µ–...

You may provide a definition with
\DeclareUnicodeCharacter 


! LaTeX Error: Unicode character –≤ (U+0432)
               not set up for use with LaTeX.

See the LaTeX manual or LaTeX Companion for explanation.
Type  H <return>  for immediate help.
 ...                                              
                                                  
l.4 ...å–∑—É—é—Ç—Å—è —Å–ª–µ–¥—É—é—â–∏–µ —É—Å–ª–æ–≤
                                                  –Ω—ã–µ –æ–±–æ–∑–Ω–∞—á–µ–Ω–...

You may provide a definition with
\DeclareUnicodeCharacter 


! LaTeX Error: Unicode character –Ω (U+043D)
               not set up for use with LaTeX.

See the LaTeX manual or LaTeX Companion for explanation.
Type  H <return>  for immediate help.
 ...                                              
                                                  
l.4 ...∑—É—é—Ç—Å—è —Å–ª–µ–¥—É—é—â–∏–µ —É—Å–ª–æ–≤–Ω
                                                  —ã–µ –æ–±–æ–∑–Ω–∞—á–µ–Ω–∏—è:
You may provide a definition with
\DeclareUnicodeCharacter 


! LaTeX Error: Unicode character —ã (U+044B)
               not set up for use with LaTeX.

See the LaTeX manual or LaTeX Companion for explanation.
Type  H <return>  for immediate help.
 ...                                              
                                                  
l.4 ...É—é—Ç—Å—è —Å–ª–µ–¥—É—é—â–∏–µ —É—Å–ª–æ–≤–Ω—ã
                                                  –µ –æ–±–æ–∑–Ω–∞—á–µ–Ω–∏—è:
You may provide a definition with
\DeclareUnicodeCharacter 


! LaTeX Error: Unicode character –µ (U+0435)
               not set up for use with LaTeX.

See the LaTeX manual or LaTeX Companion for explanation.
Type  H <return>  for immediate help.
 ...                                              
                                                  
l.4 ...é—Ç—Å—è —Å–ª–µ–¥—É—é—â–∏–µ —É—Å–ª–æ–≤–Ω—ã–µ
                                                   –æ–±–æ–∑–Ω–∞—á–µ–Ω–∏—è:
You may provide a definition with
\DeclareUnicodeCharacter 


! LaTeX Error: Unicode character –æ (U+043E)
               not set up for use with LaTeX.

See the LaTeX manual or LaTeX Companion for explanation.
Type  H <return>  for immediate help.
 ...                                              
                                                  
l.4 ...—Å—è —Å–ª–µ–¥—É—é—â–∏–µ —É—Å–ª–æ–≤–Ω—ã–µ –æ
                                                  –±–æ–∑–Ω–∞—á–µ–Ω–∏—è:
You may provide a definition with
\DeclareUnicodeCharacter 


! LaTeX Error: Unicode character –± (U+0431)
               not set up for use with LaTeX.

See the LaTeX manual or LaTeX Companion for explanation.
Type  H <return>  for immediate help.
 ...                                              
                                                  
l.4 ...—è —Å–ª–µ–¥—É—é—â–∏–µ —É—Å–ª–æ–≤–Ω—ã–µ –æ–±
                                                  –æ–∑–Ω–∞—á–µ–Ω–∏—è:
You may provide a definition with
\DeclareUnicodeCharacter 


! LaTeX Error: Unicode character –æ (U+043E)
               not set up for use with LaTeX.

See the LaTeX manual or LaTeX Companion for explanation.
Type  H <return>  for immediate help.
 ...                                              
                                                  
l.4 ... —Å–ª–µ–¥—É—é—â–∏–µ —É—Å–ª–æ–≤–Ω—ã–µ –æ–±–æ
                                                  –∑–Ω–∞—á–µ–Ω–∏—è:
You may provide a definition with
\DeclareUnicodeCharacter 


! LaTeX Error: Unicode character –∑ (U+0437)
               not set up for use with LaTeX.

See the LaTeX manual or LaTeX Companion for explanation.
Type  H <return>  for immediate help.
 ...                                              
                                                  
l.4 ...Å–ª–µ–¥—É—é—â–∏–µ —É—Å–ª–æ–≤–Ω—ã–µ –æ–±–æ–∑
                                                  –Ω–∞—á–µ–Ω–∏—è:
You may provide a definition with
\DeclareUnicodeCharacter 


! LaTeX Error: Unicode character –Ω (U+043D)
               not set up for use with LaTeX.

See the LaTeX manual or LaTeX Companion for explanation.
Type  H <return>  for immediate help.
 ...                                              
                                                  
l.4 ...ª–µ–¥—É—é—â–∏–µ —É—Å–ª–æ–≤–Ω—ã–µ –æ–±–æ–∑–Ω
                                                  –∞—á–µ–Ω–∏—è:
You may provide a definition with
\DeclareUnicodeCharacter 


! LaTeX Error: Unicode character –∞ (U+0430)
               not set up for use with LaTeX.

See the LaTeX manual or LaTeX Companion for explanation.
Type  H <return>  for immediate help.
 ...                                              
                                                  
l.4 ...µ–¥—É—é—â–∏–µ —É—Å–ª–æ–≤–Ω—ã–µ –æ–±–æ–∑–Ω–∞
                                                  —á–µ–Ω–∏—è:
You may provide a definition with
\DeclareUnicodeCharacter 


! LaTeX Error: Unicode character —á (U+0447)
               not set up for use with LaTeX.

See the LaTeX manual or LaTeX Companion for explanation.
Type  H <return>  for immediate help.
 ...                                              
                                                  
l.4 ...¥—É—é—â–∏–µ —É—Å–ª–æ–≤–Ω—ã–µ –æ–±–æ–∑–Ω–∞—á
                                                  –µ–Ω–∏—è:
You may provide a definition with
\DeclareUnicodeCharacter 


! LaTeX Error: Unicode character –µ (U+0435)
               not set up for use with LaTeX.

See the LaTeX manual or LaTeX Companion for explanation.
Type  H <return>  for immediate help.
 ...                                              
                                                  
l.4 ...É—é—â–∏–µ —É—Å–ª–æ–≤–Ω—ã–µ –æ–±–æ–∑–Ω–∞—á–µ
                                                  –Ω–∏—è:
You may provide a definition with
\DeclareUnicodeCharacter 


! LaTeX Error: Unicode character –Ω (U+043D)
               not set up for use with LaTeX.

See the LaTeX manual or LaTeX Companion for explanation.
Type  H <return>  for immediate help.
 ...                                              
                                                  
l.4 ...é—â–∏–µ —É—Å–ª–æ–≤–Ω—ã–µ –æ–±–æ–∑–Ω–∞—á–µ–Ω
                                                  –∏—è:
You may provide a definition with
\DeclareUnicodeCharacter 


! LaTeX Error: Unicode character –∏ (U+0438)
               not set up for use with LaTeX.

See the LaTeX manual or LaTeX Companion for explanation.
Type  H <return>  for immediate help.
 ...                                              
                                                  
l.4 ...â–∏–µ —É—Å–ª–æ–≤–Ω—ã–µ –æ–±–æ–∑–Ω–∞—á–µ–Ω–∏
                                                  —è:
You may provide a definition with
\DeclareUnicodeCharacter 


! LaTeX Error: Unicode character —è (U+044F)
               not set up for use with LaTeX.

See the LaTeX manual or LaTeX Companion for explanation.
Type  H <return>  for immediate help.
 ...                                              
                                                  
l.4 ...∏–µ —É—Å–ª–æ–≤–Ω—ã–µ –æ–±–æ–∑–Ω–∞—á–µ–Ω–∏—è
                                                  :
You may provide a definition with
\DeclareUnicodeCharacter 

Missing character: There is no : in font nullfont!

Overfull \hbox (20.0pt too wide) in paragraph at lines 1--5
[]
 []


! LaTeX Error: Unicode character –ë (U+0411)
               not set up for use with LaTeX.

See the LaTeX manual or LaTeX Companion for explanation.
Type  H <return>  for immediate help.
 ...                                              
                                                  
l.6 –ë
      –ó ‚Äî –±–∞–∑–∞ –∑–Ω–∞–Ω–∏–π;
You may provide a definition with
\DeclareUnicodeCharacter 


! LaTeX Error: Unicode character –ó (U+0417)
               not set up for use with LaTeX.

See the LaTeX manual or LaTeX Companion for explanation.
Type  H <return>  for immediate help.
 ...                                              
                                                  
l.6 –ë–ó
         ‚Äî –±–∞–∑–∞ –∑–Ω–∞–Ω–∏–π;
You may provide a definition with
\DeclareUnicodeCharacter 


! LaTeX Error: Missing \begin{document}.

See the LaTeX manual or LaTeX Companion for explanation.
Type  H <return>  for immediate help.
 ...                                              
                                                  
l.6 –ë–ó ‚Äî
             –±–∞–∑–∞ –∑–Ω–∞–Ω–∏–π;
You're in trouble here.  Try typing  <return>  to proceed.
If that doesn't work, type  X <return>  to quit.


! LaTeX Error: Unicode character –± (U+0431)
               not set up for use with LaTeX.

See the LaTeX manual or LaTeX Companion for explanation.
Type  H <return>  for immediate help.
 ...                                              
                                                  
l.6 –ë–ó ‚Äî –±
               –∞–∑–∞ –∑–Ω–∞–Ω–∏–π;
You may provide a definition with
\DeclareUnicodeCharacter 


! LaTeX Error: Unicode character –∞ (U+0430)
               not set up for use with LaTeX.

See the LaTeX manual or LaTeX Companion for explanation.
Type  H <return>  for immediate help.
 ...                                              
                                                  
l.6 –ë–ó ‚Äî –±–∞
                 –∑–∞ –∑–Ω–∞–Ω–∏–π;
You may provide a definition with
\DeclareUnicodeCharacter 


! LaTeX Error: Unicode character –∑ (U+0437)
               not set up for use with LaTeX.

See the LaTeX manual or LaTeX Companion for explanation.
Type  H <return>  for immediate help.
 ...                                              
                                                  
l.6 –ë–ó ‚Äî –±–∞–∑
                   –∞ –∑–Ω–∞–Ω–∏–π;
You may provide a definition with
\DeclareUnicodeCharacter 


! LaTeX Error: Unicode character –∞ (U+0430)
               not set up for use with LaTeX.

See the LaTeX manual or LaTeX Companion for explanation.
Type  H <return>  for immediate help.
 ...                                              
                                                  
l.6 –ë–ó ‚Äî –±–∞–∑–∞
                      –∑–Ω–∞–Ω–∏–π;
You may provide a definition with
\DeclareUnicodeCharacter 


! LaTeX Error: Unicode character –∑ (U+0437)
               not set up for use with LaTeX.

See the LaTeX manual or LaTeX Companion for explanation.
Type  H <return>  for immediate help.
 ...                                              
                                                  
l.6 –ë–ó ‚Äî –±–∞–∑–∞ –∑
                        –Ω–∞–Ω–∏–π;
You may provide a definition with
\DeclareUnicodeCharacter 


! LaTeX Error: Unicode character –Ω (U+043D)
               not set up for use with LaTeX.

See the LaTeX manual or LaTeX Companion for explanation.
Type  H <return>  for immediate help.
 ...                                              
                                                  
l.6 –ë–ó ‚Äî –±–∞–∑–∞ –∑–Ω
                          –∞–Ω–∏–π;
You may provide a definition with
\DeclareUnicodeCharacter 


! LaTeX Error: Unicode character –∞ (U+0430)
               not set up for use with LaTeX.

See the LaTeX manual or LaTeX Companion for explanation.
Type  H <return>  for immediate help.
 ...                                              
                                                  
l.6 –ë–ó ‚Äî –±–∞–∑–∞ –∑–Ω–∞
                            –Ω–∏–π;
You may provide a definition with
\DeclareUnicodeCharacter 


! LaTeX Error: Unicode character –Ω (U+043D)
               not set up for use with LaTeX.

See the LaTeX manual or LaTeX Companion for explanation.
Type  H <return>  for immediate help.
 ...                                              
                                                  
l.6 –ë–ó ‚Äî –±–∞–∑–∞ –∑–Ω–∞–Ω
                              –∏–π;
You may provide a definition with
\DeclareUnicodeCharacter 


! LaTeX Error: Unicode character –∏ (U+0438)
               not set up for use with LaTeX.

See the LaTeX manual or LaTeX Companion for explanation.
Type  H <return>  for immediate help.
 ...                                              
                                                  
l.6 –ë–ó ‚Äî –±–∞–∑–∞ –∑–Ω–∞–Ω–∏
                                –π;
You may provide a definition with
\DeclareUnicodeCharacter 


! LaTeX Error: Unicode character –π (U+0439)
               not set up for use with LaTeX.

See the LaTeX manual or LaTeX Companion for explanation.
Type  H <return>  for immediate help.
 ...                                              
                                                  
l.6 –ë–ó ‚Äî –±–∞–∑–∞ –∑–Ω–∞–Ω–∏–π
                                  ;
You may provide a definition with
\DeclareUnicodeCharacter 

Missing character: There is no ; in font nullfont!

Overfull \hbox (30.00002pt too wide) in paragraph at lines 6--7
[]\OT1/cmr/m/n/10 |
 []


! LaTeX Error: Unicode character –ò (U+0418)
               not set up for use with LaTeX.

See the LaTeX manual or LaTeX Companion for explanation.
Type  H <return>  for immediate help.
 ...                                              
                                                  
l.9 –ò
      –°–° ‚Äî –∏–Ω—Ç–µ–ª–ª–µ–∫—Ç—É–∞–ª—å–Ω–∞—è —Å–ø—Ä–∞–≤–æ—á–Ω–∞—è —Å–∏—Å—...

You may provide a definition with
\DeclareUnicodeCharacter 


! LaTeX Error: Unicode character –° (U+0421)
               not set up for use with LaTeX.

See the LaTeX manual or LaTeX Companion for explanation.
Type  H <return>  for immediate help.
 ...                                              
                                                  
l.9 –ò–°
        –° ‚Äî –∏–Ω—Ç–µ–ª–ª–µ–∫—Ç—É–∞–ª—å–Ω–∞—è —Å–ø—Ä–∞–≤–æ—á–Ω–∞—è —Å–∏—Å—...

You may provide a definition with
\DeclareUnicodeCharacter 


! LaTeX Error: Unicode character –° (U+0421)
               not set up for use with LaTeX.

See the LaTeX manual or LaTeX Companion for explanation.
Type  H <return>  for immediate help.
 ...                                              
                                                  
l.9 –ò–°–°
           ‚Äî –∏–Ω—Ç–µ–ª–ª–µ–∫—Ç—É–∞–ª—å–Ω–∞—è —Å–ø—Ä–∞–≤–æ—á–Ω–∞—è —Å–∏—Å—...

You may provide a definition with
\DeclareUnicodeCharacter 


! LaTeX Error: Missing \begin{document}.

See the LaTeX manual or LaTeX Companion for explanation.
Type  H <return>  for immediate help.
 ...                                              
                                                  
l.9 –ò–°–° ‚Äî
               –∏–Ω—Ç–µ–ª–ª–µ–∫—Ç—É–∞–ª—å–Ω–∞—è —Å–ø—Ä–∞–≤–æ—á–Ω–∞—è —Å–∏—Å—...

You're in trouble here.  Try typing  <return>  to proceed.
If that doesn't work, type  X <return>  to quit.


! LaTeX Error: Unicode character –∏ (U+0438)
               not set up for use with LaTeX.

See the LaTeX manual or LaTeX Companion for explanation.
Type  H <return>  for immediate help.
 ...                                              
                                                  
l.9 –ò–°–° ‚Äî –∏
                 –Ω—Ç–µ–ª–ª–µ–∫—Ç—É–∞–ª—å–Ω–∞—è —Å–ø—Ä–∞–≤–æ—á–Ω–∞—è —Å–∏—Å—...

You may provide a definition with
\DeclareUnicodeCharacter 


! LaTeX Error: Unicode character –Ω (U+043D)
               not set up for use with LaTeX.

See the LaTeX manual or LaTeX Companion for explanation.
Type  H <return>  for immediate help.
 ...                                              
                                                  
l.9 –ò–°–° ‚Äî –∏–Ω
                   —Ç–µ–ª–ª–µ–∫—Ç—É–∞–ª—å–Ω–∞—è —Å–ø—Ä–∞–≤–æ—á–Ω–∞—è —Å–∏—Å—...

You may provide a definition with
\DeclareUnicodeCharacter 


! LaTeX Error: Unicode character —Ç (U+0442)
               not set up for use with LaTeX.

See the LaTeX manual or LaTeX Companion for explanation.
Type  H <return>  for immediate help.
 ...                                              
                                                  
l.9 –ò–°–° ‚Äî –∏–Ω—Ç
                     –µ–ª–ª–µ–∫—Ç—É–∞–ª—å–Ω–∞—è —Å–ø—Ä–∞–≤–æ—á–Ω–∞—è —Å–∏—Å—...

You may provide a definition with
\DeclareUnicodeCharacter 


! LaTeX Error: Unicode character –µ (U+0435)
               not set up for use with LaTeX.

See the LaTeX manual or LaTeX Companion for explanation.
Type  H <return>  for immediate help.
 ...                                              
                                                  
l.9 –ò–°–° ‚Äî –∏–Ω—Ç–µ
                       –ª–ª–µ–∫—Ç—É–∞–ª—å–Ω–∞—è —Å–ø—Ä–∞–≤–æ—á–Ω–∞—è —Å–∏—Å—...

You may provide a definition with
\DeclareUnicodeCharacter 


! LaTeX Error: Unicode character –ª (U+043B)
               not set up for use with LaTeX.

See the LaTeX manual or LaTeX Companion for explanation.
Type  H <return>  for immediate help.
 ...                                              
                                                  
l.9 –ò–°–° ‚Äî –∏–Ω—Ç–µ–ª
                         –ª–µ–∫—Ç—É–∞–ª—å–Ω–∞—è —Å–ø—Ä–∞–≤–æ—á–Ω–∞—è —Å–∏—Å—...

You may provide a definition with
\DeclareUnicodeCharacter 


! LaTeX Error: Unicode character –ª (U+043B)
               not set up for use with LaTeX.

See the LaTeX manual or LaTeX Companion for explanation.
Type  H <return>  for immediate help.
 ...                                              
                                                  
l.9 –ò–°–° ‚Äî –∏–Ω—Ç–µ–ª–ª
                           –µ–∫—Ç—É–∞–ª—å–Ω–∞—è —Å–ø—Ä–∞–≤–æ—á–Ω–∞—è —Å–∏—Å—...

You may provide a definition with
\DeclareUnicodeCharacter 


! LaTeX Error: Unicode character –µ (U+0435)
               not set up for use with LaTeX.

See the LaTeX manual or LaTeX Companion for explanation.
Type  H <return>  for immediate help.
 ...                                              
                                                  
l.9 –ò–°–° ‚Äî –∏–Ω—Ç–µ–ª–ª–µ
                             –∫—Ç—É–∞–ª—å–Ω–∞—è —Å–ø—Ä–∞–≤–æ—á–Ω–∞—è —Å–∏—Å—...

You may provide a definition with
\DeclareUnicodeCharacter 


! LaTeX Error: Unicode character –∫ (U+043A)
               not set up for use with LaTeX.

See the LaTeX manual or LaTeX Companion for explanation.
Type  H <return>  for immediate help.
 ...                                              
                                                  
l.9 –ò–°–° ‚Äî –∏–Ω—Ç–µ–ª–ª–µ–∫
                               —Ç—É–∞–ª—å–Ω–∞—è —Å–ø—Ä–∞–≤–æ—á–Ω–∞—è —Å–∏—Å—...

You may provide a definition with
\DeclareUnicodeCharacter 


! LaTeX Error: Unicode character —Ç (U+0442)
               not set up for use with LaTeX.

See the LaTeX manual or LaTeX Companion for explanation.
Type  H <return>  for immediate help.
 ...                                              
                                                  
l.9 –ò–°–° ‚Äî –∏–Ω—Ç–µ–ª–ª–µ–∫—Ç
                                 —É–∞–ª—å–Ω–∞—è —Å–ø—Ä–∞–≤–æ—á–Ω–∞—è —Å–∏—Å—...

You may provide a definition with
\DeclareUnicodeCharacter 


! LaTeX Error: Unicode character —É (U+0443)
               not set up for use with LaTeX.

See the LaTeX manual or LaTeX Companion for explanation.
Type  H <return>  for immediate help.
 ...                                              
                                                  
l.9 –ò–°–° ‚Äî –∏–Ω—Ç–µ–ª–ª–µ–∫—Ç—É
                                   –∞–ª—å–Ω–∞—è —Å–ø—Ä–∞–≤–æ—á–Ω–∞—è —Å–∏—Å—...

You may provide a definition with
\DeclareUnicodeCharacter 


! LaTeX Error: Unicode character –∞ (U+0430)
               not set up for use with LaTeX.

See the LaTeX manual or LaTeX Companion for explanation.
Type  H <return>  for immediate help.
 ...                                              
                                                  
l.9 –ò–°–° ‚Äî –∏–Ω—Ç–µ–ª–ª–µ–∫—Ç—É–∞
                                     –ª—å–Ω–∞—è —Å–ø—Ä–∞–≤–æ—á–Ω–∞—è —Å–∏—Å—...

You may provide a definition with
\DeclareUnicodeCharacter 


! LaTeX Error: Unicode character –ª (U+043B)
               not set up for use with LaTeX.

See the LaTeX manual or LaTeX Companion for explanation.
Type  H <return>  for immediate help.
 ...                                              
                                                  
l.9 –ò–°–° ‚Äî –∏–Ω—Ç–µ–ª–ª–µ–∫—Ç—É–∞–ª
                                       —å–Ω–∞—è —Å–ø—Ä–∞–≤–æ—á–Ω–∞—è —Å–∏—Å—...

You may provide a definition with
\DeclareUnicodeCharacter 


! LaTeX Error: Unicode character —å (U+044C)
               not set up for use with LaTeX.

See the LaTeX manual or LaTeX Companion for explanation.
Type  H <return>  for immediate help.
 ...                                              
                                                  
l.9 –ò–°–° ‚Äî –∏–Ω—Ç–µ–ª–ª–µ–∫—Ç—É–∞–ª—å
                                         –Ω–∞—è —Å–ø—Ä–∞–≤–æ—á–Ω–∞—è —Å–∏—Å—...

You may provide a definition with
\DeclareUnicodeCharacter 


! LaTeX Error: Unicode character –Ω (U+043D)
               not set up for use with LaTeX.

See the LaTeX manual or LaTeX Companion for explanation.
Type  H <return>  for immediate help.
 ...                                              
                                                  
l.9 –ò–°–° ‚Äî –∏–Ω—Ç–µ–ª–ª–µ–∫—Ç—É–∞–ª—å–Ω
                                           –∞—è —Å–ø—Ä–∞–≤–æ—á–Ω–∞—è —Å–∏—Å—...

You may provide a definition with
\DeclareUnicodeCharacter 


! LaTeX Error: Unicode character –∞ (U+0430)
               not set up for use with LaTeX.

See the LaTeX manual or LaTeX Companion for explanation.
Type  H <return>  for immediate help.
 ...                                              
                                                  
l.9 –ò–°–° ‚Äî –∏–Ω—Ç–µ–ª–ª–µ–∫—Ç—É–∞–ª—å–Ω–∞
                                             —è —Å–ø—Ä–∞–≤–æ—á–Ω–∞—è —Å–∏—Å—...

You may provide a definition with
\DeclareUnicodeCharacter 


! LaTeX Error: Unicode character —è (U+044F)
               not set up for use with LaTeX.

See the LaTeX manual or LaTeX Companion for explanation.
Type  H <return>  for immediate help.
 ...                                              
                                                  
l.9 –ò–°–° ‚Äî –∏–Ω—Ç–µ–ª–ª–µ–∫—Ç—É–∞–ª—å–Ω–∞—è
                                                —Å–ø—Ä–∞–≤–æ—á–Ω–∞—è —Å–∏—Å—...

You may provide a definition with
\DeclareUnicodeCharacter 


! LaTeX Error: Unicode character —Å (U+0441)
               not set up for use with LaTeX.

See the LaTeX manual or LaTeX Companion for explanation.
Type  H <return>  for immediate help.
 ...                                              
                                                  
l.9 –ò–°–° ‚Äî –∏–Ω—Ç–µ–ª–ª–µ–∫—Ç—É–∞–ª—å–Ω–∞—è —Å
                                                  –ø—Ä–∞–≤–æ—á–Ω–∞—è —Å–∏—Å—...

You may provide a definition with
\DeclareUnicodeCharacter 


! LaTeX Error: Unicode character –ø (U+043F)
               not set up for use with LaTeX.

See the LaTeX manual or LaTeX Companion for explanation.
Type  H <return>  for immediate help.
 ...                                              
                                                  
l.9 ...° ‚Äî –∏–Ω—Ç–µ–ª–ª–µ–∫—Ç—É–∞–ª—å–Ω–∞—è —Å–ø
                                                  —Ä–∞–≤–æ—á–Ω–∞—è —Å–∏—Å—Ç–...

You may provide a definition with
\DeclareUnicodeCharacter 


! LaTeX Error: Unicode character —Ä (U+0440)
               not set up for use with LaTeX.

See the LaTeX manual or LaTeX Companion for explanation.
Type  H <return>  for immediate help.
 ...                                              
                                                  
l.9 ...‚Äî –∏–Ω—Ç–µ–ª–ª–µ–∫—Ç—É–∞–ª—å–Ω–∞—è —Å–ø—Ä
                                                  –∞–≤–æ—á–Ω–∞—è —Å–∏—Å—Ç–µ–...

You may provide a definition with
\DeclareUnicodeCharacter 


! LaTeX Error: Unicode character –∞ (U+0430)
               not set up for use with LaTeX.

See the LaTeX manual or LaTeX Companion for explanation.
Type  H <return>  for immediate help.
 ...                                              
                                                  
l.9 ...î –∏–Ω—Ç–µ–ª–ª–µ–∫—Ç—É–∞–ª—å–Ω–∞—è —Å–ø—Ä–∞
                                                  –≤–æ—á–Ω–∞—è —Å–∏—Å—Ç–µ–º–∞;
You may provide a definition with
\DeclareUnicodeCharacter 


! LaTeX Error: Unicode character –≤ (U+0432)
               not set up for use with LaTeX.

See the LaTeX manual or LaTeX Companion for explanation.
Type  H <return>  for immediate help.
 ...                                              
                                                  
l.9 ...–∏–Ω—Ç–µ–ª–ª–µ–∫—Ç—É–∞–ª—å–Ω–∞—è —Å–ø—Ä–∞–≤
                                                  –æ—á–Ω–∞—è —Å–∏—Å—Ç–µ–º–∞;
You may provide a definition with
\DeclareUnicodeCharacter 


! LaTeX Error: Unicode character –æ (U+043E)
               not set up for use with LaTeX.

See the LaTeX manual or LaTeX Companion for explanation.
Type  H <return>  for immediate help.
 ...                                              
                                                  
l.9 ...–Ω—Ç–µ–ª–ª–µ–∫—Ç—É–∞–ª—å–Ω–∞—è —Å–ø—Ä–∞–≤–æ
                                                  —á–Ω–∞—è —Å–∏—Å—Ç–µ–º–∞;
You may provide a definition with
\DeclareUnicodeCharacter 


! LaTeX Error: Unicode character —á (U+0447)
               not set up for use with LaTeX.

See the LaTeX manual or LaTeX Companion for explanation.
Type  H <return>  for immediate help.
 ...                                              
                                                  
l.9 ...—Ç–µ–ª–ª–µ–∫—Ç—É–∞–ª—å–Ω–∞—è —Å–ø—Ä–∞–≤–æ—á
                                                  –Ω–∞—è —Å–∏—Å—Ç–µ–º–∞;
You may provide a definition with
\DeclareUnicodeCharacter 


! LaTeX Error: Unicode character –Ω (U+043D)
               not set up for use with LaTeX.

See the LaTeX manual or LaTeX Companion for explanation.
Type  H <return>  for immediate help.
 ...                                              
                                                  
l.9 ...–µ–ª–ª–µ–∫—Ç—É–∞–ª—å–Ω–∞—è —Å–ø—Ä–∞–≤–æ—á–Ω
                                                  –∞—è —Å–∏—Å—Ç–µ–º–∞;
You may provide a definition with
\DeclareUnicodeCharacter 


! LaTeX Error: Unicode character –∞ (U+0430)
               not set up for use with LaTeX.

See the LaTeX manual or LaTeX Companion for explanation.
Type  H <return>  for immediate help.
 ...                                              
                                                  
l.9 ...–ª–ª–µ–∫—Ç—É–∞–ª—å–Ω–∞—è —Å–ø—Ä–∞–≤–æ—á–Ω–∞
                                                  —è —Å–∏—Å—Ç–µ–º–∞;
You may provide a definition with
\DeclareUnicodeCharacter 


! LaTeX Error: Unicode character —è (U+044F)
               not set up for use with LaTeX.

See the LaTeX manual or LaTeX Companion for explanation.
Type  H <return>  for immediate help.
 ...                                              
                                                  
l.9 ...–ª–µ–∫—Ç—É–∞–ª—å–Ω–∞—è —Å–ø—Ä–∞–≤–æ—á–Ω–∞—è
                                                   —Å–∏—Å—Ç–µ–º–∞;
You may provide a definition with
\DeclareUnicodeCharacter 


! LaTeX Error: Unicode character —Å (U+0441)
               not set up for use with LaTeX.

See the LaTeX manual or LaTeX Companion for explanation.
Type  H <return>  for immediate help.
 ...                                              
                                                  
l.9 ...µ–∫—Ç—É–∞–ª—å–Ω–∞—è —Å–ø—Ä–∞–≤–æ—á–Ω–∞—è —Å
                                                  –∏—Å—Ç–µ–º–∞;
You may provide a definition with
\DeclareUnicodeCharacter 


! LaTeX Error: Unicode character –∏ (U+0438)
               not set up for use with LaTeX.

See the LaTeX manual or LaTeX Companion for explanation.
Type  H <return>  for immediate help.
 ...                                              
                                                  
l.9 ...∫—Ç—É–∞–ª—å–Ω–∞—è —Å–ø—Ä–∞–≤–æ—á–Ω–∞—è —Å–∏
                                                  —Å—Ç–µ–º–∞;
You may provide a definition with
\DeclareUnicodeCharacter 


! LaTeX Error: Unicode character —Å (U+0441)
               not set up for use with LaTeX.

See the LaTeX manual or LaTeX Companion for explanation.
Type  H <return>  for immediate help.
 ...                                              
                                                  
l.9 ...Ç—É–∞–ª—å–Ω–∞—è —Å–ø—Ä–∞–≤–æ—á–Ω–∞—è —Å–∏—Å
                                                  —Ç–µ–º–∞;
You may provide a definition with
\DeclareUnicodeCharacter 


! LaTeX Error: Unicode character —Ç (U+0442)
               not set up for use with LaTeX.

See the LaTeX manual or LaTeX Companion for explanation.
Type  H <return>  for immediate help.
 ...                                              
                                                  
l.9 ...É–∞–ª—å–Ω–∞—è —Å–ø—Ä–∞–≤–æ—á–Ω–∞—è —Å–∏—Å—Ç
                                                  –µ–º–∞;
You may provide a definition with
\DeclareUnicodeCharacter 


! LaTeX Error: Unicode character –µ (U+0435)
               not set up for use with LaTeX.

See the LaTeX manual or LaTeX Companion for explanation.
Type  H <return>  for immediate help.
 ...                                              
                                                  
l.9 ...∞–ª—å–Ω–∞—è —Å–ø—Ä–∞–≤–æ—á–Ω–∞—è —Å–∏—Å—Ç–µ
                                                  –º–∞;
You may provide a definition with
\DeclareUnicodeCharacter 


! LaTeX Error: Unicode character –º (U+043C)
               not set up for use with LaTeX.

See the LaTeX manual or LaTeX Companion for explanation.
Type  H <return>  for immediate help.
 ...                                              
                                                  
l.9 ...ª—å–Ω–∞—è —Å–ø—Ä–∞–≤–æ—á–Ω–∞—è —Å–∏—Å—Ç–µ–º
                                                  –∞;
You may provide a definition with
\DeclareUnicodeCharacter 


! LaTeX Error: Unicode character –∞ (U+0430)
               not set up for use with LaTeX.

See the LaTeX manual or LaTeX Companion for explanation.
Type  H <return>  for immediate help.
 ...                                              
                                                  
l.9 ...å–Ω–∞—è —Å–ø—Ä–∞–≤–æ—á–Ω–∞—è —Å–∏—Å—Ç–µ–º–∞
                                                  ;
You may provide a definition with
\DeclareUnicodeCharacter 

Missing character: There is no ; in font nullfont!

Overfull \hbox (30.00002pt too wide) in paragraph at lines 9--10
[]\OT1/cmr/m/n/10 |
 []


! LaTeX Error: Unicode character –ü (U+041F)
               not set up for use with LaTeX.

See the LaTeX manual or LaTeX Companion for explanation.
Type  H <return>  for immediate help.
 ...                                              
                                                  
l.11 –ü
       —Ä–û - –ø—Ä–µ–¥–º–µ—Ç–Ω–∞—è –æ–±–ª–∞—Å—Ç—å;
You may provide a definition with
\DeclareUnicodeCharacter 


! LaTeX Error: Unicode character —Ä (U+0440)
               not set up for use with LaTeX.

See the LaTeX manual or LaTeX Companion for explanation.
Type  H <return>  for immediate help.
 ...                                              
                                                  
l.11 –ü—Ä
         –û - –ø—Ä–µ–¥–º–µ—Ç–Ω–∞—è –æ–±–ª–∞—Å—Ç—å;
You may provide a definition with
\DeclareUnicodeCharacter 


! LaTeX Error: Unicode character –û (U+041E)
               not set up for use with LaTeX.

See the LaTeX manual or LaTeX Companion for explanation.
Type  H <return>  for immediate help.
 ...                                              
                                                  
l.11 –ü—Ä–û
            - –ø—Ä–µ–¥–º–µ—Ç–Ω–∞—è –æ–±–ª–∞—Å—Ç—å;
You may provide a definition with
\DeclareUnicodeCharacter 


! LaTeX Error: Missing \begin{document}.

See the LaTeX manual or LaTeX Companion for explanation.
Type  H <return>  for immediate help.
 ...                                              
                                                  
l.11 –ü—Ä–û -
              –ø—Ä–µ–¥–º–µ—Ç–Ω–∞—è –æ–±–ª–∞—Å—Ç—å;
You're in trouble here.  Try typing  <return>  to proceed.
If that doesn't work, type  X <return>  to quit.

Missing character: There is no - in font nullfont!

! LaTeX Error: Unicode character –ø (U+043F)
               not set up for use with LaTeX.

See the LaTeX manual or LaTeX Companion for explanation.
Type  H <return>  for immediate help.
 ...                                              
                                                  
l.11 –ü—Ä–û - –ø
                —Ä–µ–¥–º–µ—Ç–Ω–∞—è –æ–±–ª–∞—Å—Ç—å;
You may provide a definition with
\DeclareUnicodeCharacter 


! LaTeX Error: Unicode character —Ä (U+0440)
               not set up for use with LaTeX.

See the LaTeX manual or LaTeX Companion for explanation.
Type  H <return>  for immediate help.
 ...                                              
                                                  
l.11 –ü—Ä–û - –ø—Ä
                  –µ–¥–º–µ—Ç–Ω–∞—è –æ–±–ª–∞—Å—Ç—å;
You may provide a definition with
\DeclareUnicodeCharacter 


! LaTeX Error: Unicode character –µ (U+0435)
               not set up for use with LaTeX.

See the LaTeX manual or LaTeX Companion for explanation.
Type  H <return>  for immediate help.
 ...                                              
                                                  
l.11 –ü—Ä–û - –ø—Ä–µ
                    –¥–º–µ—Ç–Ω–∞—è –æ–±–ª–∞—Å—Ç—å;
You may provide a definition with
\DeclareUnicodeCharacter 


! LaTeX Error: Unicode character –¥ (U+0434)
               not set up for use with LaTeX.

See the LaTeX manual or LaTeX Companion for explanation.
Type  H <return>  for immediate help.
 ...                                              
                                                  
l.11 –ü—Ä–û - –ø—Ä–µ–¥
                      –º–µ—Ç–Ω–∞—è –æ–±–ª–∞—Å—Ç—å;
You may provide a definition with
\DeclareUnicodeCharacter 


! LaTeX Error: Unicode character –º (U+043C)
               not set up for use with LaTeX.

See the LaTeX manual or LaTeX Companion for explanation.
Type  H <return>  for immediate help.
 ...                                              
                                                  
l.11 –ü—Ä–û - –ø—Ä–µ–¥–º
                        –µ—Ç–Ω–∞—è –æ–±–ª–∞—Å—Ç—å;
You may provide a definition with
\DeclareUnicodeCharacter 


! LaTeX Error: Unicode character –µ (U+0435)
               not set up for use with LaTeX.

See the LaTeX manual or LaTeX Companion for explanation.
Type  H <return>  for immediate help.
 ...                                              
                                                  
l.11 –ü—Ä–û - –ø—Ä–µ–¥–º–µ
                          —Ç–Ω–∞—è –æ–±–ª–∞—Å—Ç—å;
You may provide a definition with
\DeclareUnicodeCharacter 


! LaTeX Error: Unicode character —Ç (U+0442)
               not set up for use with LaTeX.

See the LaTeX manual or LaTeX Companion for explanation.
Type  H <return>  for immediate help.
 ...                                              
                                                  
l.11 –ü—Ä–û - –ø—Ä–µ–¥–º–µ—Ç
                            –Ω–∞—è –æ–±–ª–∞—Å—Ç—å;
You may provide a definition with
\DeclareUnicodeCharacter 


! LaTeX Error: Unicode character –Ω (U+043D)
               not set up for use with LaTeX.

See the LaTeX manual or LaTeX Companion for explanation.
Type  H <return>  for immediate help.
 ...                                              
                                                  
l.11 –ü—Ä–û - –ø—Ä–µ–¥–º–µ—Ç–Ω
                              –∞—è –æ–±–ª–∞—Å—Ç—å;
You may provide a definition with
\DeclareUnicodeCharacter 


! LaTeX Error: Unicode character –∞ (U+0430)
               not set up for use with LaTeX.

See the LaTeX manual or LaTeX Companion for explanation.
Type  H <return>  for immediate help.
 ...                                              
                                                  
l.11 –ü—Ä–û - –ø—Ä–µ–¥–º–µ—Ç–Ω–∞
                                —è –æ–±–ª–∞—Å—Ç—å;
You may provide a definition with
\DeclareUnicodeCharacter 


! LaTeX Error: Unicode character —è (U+044F)
               not set up for use with LaTeX.

See the LaTeX manual or LaTeX Companion for explanation.
Type  H <return>  for immediate help.
 ...                                              
                                                  
l.11 –ü—Ä–û - –ø—Ä–µ–¥–º–µ—Ç–Ω–∞—è
                                   –æ–±–ª–∞—Å—Ç—å;
You may provide a definition with
\DeclareUnicodeCharacter 


! LaTeX Error: Unicode character –æ (U+043E)
               not set up for use with LaTeX.

See the LaTeX manual or LaTeX Companion for explanation.
Type  H <return>  for immediate help.
 ...                                              
                                                  
l.11 –ü—Ä–û - –ø—Ä–µ–¥–º–µ—Ç–Ω–∞—è –æ
                                     –±–ª–∞—Å—Ç—å;
You may provide a definition with
\DeclareUnicodeCharacter 


! LaTeX Error: Unicode character –± (U+0431)
               not set up for use with LaTeX.

See the LaTeX manual or LaTeX Companion for explanation.
Type  H <return>  for immediate help.
 ...                                              
                                                  
l.11 –ü—Ä–û - –ø—Ä–µ–¥–º–µ—Ç–Ω–∞—è –æ–±
                                       –ª–∞—Å—Ç—å;
You may provide a definition with
\DeclareUnicodeCharacter 


! LaTeX Error: Unicode character –ª (U+043B)
               not set up for use with LaTeX.

See the LaTeX manual or LaTeX Companion for explanation.
Type  H <return>  for immediate help.
 ...                                              
                                                  
l.11 –ü—Ä–û - –ø—Ä–µ–¥–º–µ—Ç–Ω–∞—è –æ–±–ª
                                         –∞—Å—Ç—å;
You may provide a definition with
\DeclareUnicodeCharacter 


! LaTeX Error: Unicode character –∞ (U+0430)
               not set up for use with LaTeX.

See the LaTeX manual or LaTeX Companion for explanation.
Type  H <return>  for immediate help.
 ...                                              
                                                  
l.11 –ü—Ä–û - –ø—Ä–µ–¥–º–µ—Ç–Ω–∞—è –æ–±–ª–∞
                                           —Å—Ç—å;
You may provide a definition with
\DeclareUnicodeCharacter 


! LaTeX Error: Unicode character —Å (U+0441)
               not set up for use with LaTeX.

See the LaTeX manual or LaTeX Companion for explanation.
Type  H <return>  for immediate help.
 ...                                              
                                                  
l.11 –ü—Ä–û - –ø—Ä–µ–¥–º–µ—Ç–Ω–∞—è –æ–±–ª–∞—Å
                                             —Ç—å;
You may provide a definition with
\DeclareUnicodeCharacter 


! LaTeX Error: Unicode character —Ç (U+0442)
               not set up for use with LaTeX.

See the LaTeX manual or LaTeX Companion for explanation.
Type  H <return>  for immediate help.
 ...                                              
                                                  
l.11 –ü—Ä–û - –ø—Ä–µ–¥–º–µ—Ç–Ω–∞—è –æ–±–ª–∞—Å—Ç
                                               —å;
You may provide a definition with
\DeclareUnicodeCharacter 


! LaTeX Error: Unicode character —å (U+044C)
               not set up for use with LaTeX.

See the LaTeX manual or LaTeX Companion for explanation.
Type  H <return>  for immediate help.
 ...                                              
                                                  
l.11 –ü—Ä–û - –ø—Ä–µ–¥–º–µ—Ç–Ω–∞—è –æ–±–ª–∞—Å—Ç—å
                                                 ;
You may provide a definition with
\DeclareUnicodeCharacter 

Missing character: There is no ; in font nullfont!

Overfull \hbox (20.0pt too wide) in paragraph at lines 11--12
[]
 []


! LaTeX Error: Missing \begin{document}.

See the LaTeX manual or LaTeX Companion for explanation.
Type  H <return>  for immediate help.
 ...                                              
                                                  
l.13 S
      C ‚Äî Semantic Code;
You're in trouble here.  Try typing  <return>  to proceed.
If that doesn't work, type  X <return>  to quit.

Missing character: There is no S in font nullfont!
Missing character: There is no C in font nullfont!
Missing character: There is no S in font nullfont!
Missing character: There is no e in font nullfont!
Missing character: There is no m in font nullfont!
Missing character: There is no a in font nullfont!
Missing character: There is no n in font nullfont!
Missing character: There is no t in font nullfont!
Missing character: There is no i in font nullfont!
Missing character: There is no c in font nullfont!
Missing character: There is no C in font nullfont!
Missing character: There is no o in font nullfont!
Missing character: There is no d in font nullfont!
Missing character: There is no e in font nullfont!
Missing character: There is no ; in font nullfont!

Overfull \hbox (20.0pt too wide) in paragraph at lines 13--14
[]
 []


Overfull \hbox (10.00002pt too wide) in paragraph at lines 13--14
\OT1/cmr/m/n/10 |
 []


! LaTeX Error: Missing \begin{document}.

See the LaTeX manual or LaTeX Companion for explanation.
Type  H <return>  for immediate help.
 ...                                              
                                                  
l.15 S
      Cn - Semantic Code Natural;
You're in trouble here.  Try typing  <return>  to proceed.
If that doesn't work, type  X <return>  to quit.

Missing character: There is no S in font nullfont!
Missing character: There is no C in font nullfont!
Missing character: There is no n in font nullfont!
Missing character: There is no - in font nullfont!
Missing character: There is no S in font nullfont!
Missing character: There is no e in font nullfont!
Missing character: There is no m in font nullfont!
Missing character: There is no a in font nullfont!
Missing character: There is no n in font nullfont!
Missing character: There is no t in font nullfont!
Missing character: There is no i in font nullfont!
Missing character: There is no c in font nullfont!
Missing character: There is no C in font nullfont!
Missing character: There is no o in font nullfont!
Missing character: There is no d in font nullfont!
Missing character: There is no e in font nullfont!
Missing character: There is no N in font nullfont!
Missing character: There is no a in font nullfont!
Missing character: There is no t in font nullfont!
Missing character: There is no u in font nullfont!
Missing character: There is no r in font nullfont!
Missing character: There is no a in font nullfont!
Missing character: There is no l in font nullfont!
Missing character: There is no ; in font nullfont!

Overfull \hbox (20.0pt too wide) in paragraph at lines 15--16
[]
 []


! LaTeX Error: Missing \begin{document}.

See the LaTeX manual or LaTeX Companion for explanation.
Type  H <return>  for immediate help.
 ...                                              
                                                  
l.17 S
      Cs ‚ÄîSemantic Code String.
You're in trouble here.  Try typing  <return>  to proceed.
If that doesn't work, type  X <return>  to quit.

Missing character: There is no S in font nullfont!
Missing character: There is no C in font nullfont!
Missing character: There is no s in font nullfont!
Missing character: There is no S in font nullfont!
Missing character: There is no e in font nullfont!
Missing character: There is no m in font nullfont!
Missing character: There is no a in font nullfont!
Missing character: There is no n in font nullfont!
Missing character: There is no t in font nullfont!
Missing character: There is no i in font nullfont!
Missing character: There is no c in font nullfont!
Missing character: There is no C in font nullfont!
Missing character: There is no o in font nullfont!
Missing character: There is no d in font nullfont!
Missing character: There is no e in font nullfont!
Missing character: There is no S in font nullfont!
Missing character: There is no t in font nullfont!
Missing character: There is no r in font nullfont!
Missing character: There is no i in font nullfont!
Missing character: There is no n in font nullfont!
Missing character: There is no g in font nullfont!
Missing character: There is no . in font nullfont!
)
! Emergency stop.
<*> reduction.tex
                 
*** (job aborted, no legal \end found)

 
Here is how much of TeX's memory you used:
 50 strings out of 478287
 581 string characters out of 5849289
 289005 words of memory out of 5000000
 18347 multiletter control sequences out of 15000+600000
 469259 words of font info for 28 fonts, out of 8000000 for 9000
 1141 hyphenation exceptions out of 8191
 14i,0n,13p,139b,46s stack positions out of 5000i,500n,10000p,200000b,80000s
!  ==> Fatal error occurred, no output PDF file produced!
